<?xml version="1.0" encoding="UTF-8"?>
<!-- Generated by org.testng.reporters.JUnitReportReporter -->
<testsuite skipped="0" hostname="PavanKalyan" name="com.pcm.qa.testcases.Partner_SI_AutomationTest" tests="13" failures="0" timestamp="05 Nov 2021 09:35:43 GMT" time="425.176" errors="0">
  <testcase name="ParentNodeCreation" time="0.024" classname="com.pcm.qa.testcases.Partner_SI_AutomationTest"/>
  <testcase name="SFTP_H2P" time="79.497" classname="com.pcm.qa.testcases.Partner_SI_AutomationTest"/>
  <testcase name="Delete_SFTP_H2P" time="30.373" classname="com.pcm.qa.testcases.Partner_SI_AutomationTest"/>
  <testcase name="FTP_H2P" time="69.785" classname="com.pcm.qa.testcases.Partner_SI_AutomationTest"/>
  <testcase name="Delete_FTP_H2P" time="30.447" classname="com.pcm.qa.testcases.Partner_SI_AutomationTest"/>
  <testcase name="FTPS_H2P" time="78.229" classname="com.pcm.qa.testcases.Partner_SI_AutomationTest"/>
  <testcase name="Delete_FTPS_H2P" time="30.385" classname="com.pcm.qa.testcases.Partner_SI_AutomationTest"/>
  <testcase name="SFTP_P2H" time="53.599" classname="com.pcm.qa.testcases.Partner_SI_AutomationTest"/>
  <testcase name="Delete_SFTP_P2H" time="10.573" classname="com.pcm.qa.testcases.Partner_SI_AutomationTest"/>
  <testcase name="FTP_P2H" time="10.563" classname="com.pcm.qa.testcases.Partner_SI_AutomationTest"/>
  <testcase name="Delete_FTP_P2H" time="10.615" classname="com.pcm.qa.testcases.Partner_SI_AutomationTest"/>
  <testcase name="FTPS_P2H" time="10.526" classname="com.pcm.qa.testcases.Partner_SI_AutomationTest"/>
  <testcase name="Delete_FTPS_P2H" time="10.560" classname="com.pcm.qa.testcases.Partner_SI_AutomationTest"/>
</testsuite> <!-- com.pcm.qa.testcases.Partner_SI_AutomationTest -->
