<?xml version="1.0" encoding="UTF-8"?>
<!-- Generated by org.testng.reporters.JUnitReportReporter -->
<testsuite skipped="0" hostname="PE-LT-076" name="com.pcm.qa.testcases.Test1" tests="1" failures="0" timestamp="2022-04-25T21:47:29 IST" time="14.946" errors="0">
  <testcase name="ParentNodeCreation" time="14.946" classname="com.pcm.qa.testcases.Test1"/>
  <system-out/>
</testsuite> <!-- com.pcm.qa.testcases.Test1 -->
