<?xml version="1.0" encoding="UTF-8"?>
<!-- Generated by org.testng.reporters.JUnitReportReporter -->
<testsuite skipped="0" hostname="PavanKalyan" name="com.pcm.qa.testcases.TransVolbyDocTypePageTest" tests="5" failures="0" timestamp="2022-02-23T21:37:53 IST" time="37.363" errors="0">
  <testcase name="ParentNodeCreation" time="0.004" classname="com.pcm.qa.testcases.TransVolbyDocTypePageTest"/>
  <system-out/>
  <testcase name="TransVolbyDocTypePageTitleTest" time="7.208" classname="com.pcm.qa.testcases.TransVolbyDocTypePageTest"/>
  <system-out/>
  <testcase name="AValidateTransVolReportPageSearchErrorResultsVerification" time="8.742" classname="com.pcm.qa.testcases.TransVolbyDocTypePageTest"/>
  <system-out/>
  <testcase name="BValidateTransVolReportPageSearchResultsVerification" time="12.850" classname="com.pcm.qa.testcases.TransVolbyDocTypePageTest"/>
  <system-out/>
  <testcase name="AValidateTransVolReportPageSearchResultsVerificationWithInvalidFormat" time="8.559" classname="com.pcm.qa.testcases.TransVolbyDocTypePageTest"/>
  <system-out/>
</testsuite> <!-- com.pcm.qa.testcases.TransVolbyDocTypePageTest -->
