<?xml version="1.0" encoding="UTF-8"?>
<!-- Generated by org.testng.reporters.JUnitReportReporter -->
<testsuite skipped="0" hostname="PavanKalyan" name="com.pcm.qa.testcases.CreatePartnerPageTest" tests="30" failures="0" timestamp="2022-03-08T19:27:43 IST" time="287.878" errors="0">
  <testcase name="ParentNodeCreation" time="0.013" classname="com.pcm.qa.testcases.CreatePartnerPageTest"/>
  <system-out/>
  <testcase name="CreatePartnerPageTitleTest" time="9.246" classname="com.pcm.qa.testcases.CreatePartnerPageTest"/>
  <system-out/>
  <testcase name="ProtocolTestVerification" time="7.222" classname="com.pcm.qa.testcases.CreatePartnerPageTest"/>
  <system-out/>
  <testcase name="AS2YTestVerificationWithValidData" time="28.075" classname="com.pcm.qa.testcases.CreatePartnerPageTest"/>
  <system-out/>
  <testcase name="AS2NTestVerificationWithValidData" time="53.117" classname="com.pcm.qa.testcases.CreatePartnerPageTest"/>
  <system-out/>
  <testcase name="ValidateAWS_S3WithValidData" time="42.910" classname="com.pcm.qa.testcases.CreatePartnerPageTest"/>
  <system-out/>
  <testcase name="B2biCD_Y_EnableTestVerificationWithValidData" time="71.606" classname="com.pcm.qa.testcases.CreatePartnerPageTest"/>
  <system-out/>
  <testcase name="B2biCD_Y_DisableTestVerificationWithValidData" time="3.307" classname="com.pcm.qa.testcases.CreatePartnerPageTest"/>
  <system-out/>
  <testcase name="B2biCD_N_EnableTestVerificationWithValidData" time="3.257" classname="com.pcm.qa.testcases.CreatePartnerPageTest"/>
  <system-out/>
  <testcase name="B2biCD_N_DisableTestVerificationWithValidData" time="3.286" classname="com.pcm.qa.testcases.CreatePartnerPageTest"/>
  <system-out/>
  <testcase name="FTPH2PTestVerificationWithValidData" time="3.301" classname="com.pcm.qa.testcases.CreatePartnerPageTest"/>
  <system-out/>
  <testcase name="FTPP2HTestVerificationWithValidData" time="3.310" classname="com.pcm.qa.testcases.CreatePartnerPageTest"/>
  <system-out/>
  <testcase name="FTPSH2PTestVerificationwithValidData" time="3.270" classname="com.pcm.qa.testcases.CreatePartnerPageTest"/>
  <system-out/>
  <testcase name="FTPSP2HTestVerificationwithValidData" time="3.310" classname="com.pcm.qa.testcases.CreatePartnerPageTest"/>
  <system-out/>
  <testcase name="SFTP_H2P_PwdTestVerificationWithValidData" time="3.268" classname="com.pcm.qa.testcases.CreatePartnerPageTest"/>
  <system-out/>
  <testcase name="SFTP_H2P_PublickeyTestVerificationWithValidData" time="3.272" classname="com.pcm.qa.testcases.CreatePartnerPageTest"/>
  <system-out/>
  <testcase name="SFTP_P2H_PwdTestVerificationWithValidData" time="3.301" classname="com.pcm.qa.testcases.CreatePartnerPageTest"/>
  <system-out/>
  <testcase name="SFTP_P2H_PublickeyTestVerificationWithValidData" time="3.317" classname="com.pcm.qa.testcases.CreatePartnerPageTest"/>
  <system-out/>
  <testcase name="ValidateExistingConnection" time="3.294" classname="com.pcm.qa.testcases.CreatePartnerPageTest"/>
  <system-out/>
  <testcase name="ValidateFileSystemWithValidData" time="3.286" classname="com.pcm.qa.testcases.CreatePartnerPageTest"/>
  <system-out/>
  <testcase name="HTTPTestVerificationWithValidData" time="3.265" classname="com.pcm.qa.testcases.CreatePartnerPageTest"/>
  <system-out/>
  <testcase name="HTTPSTestVerificationwithValidData" time="3.286" classname="com.pcm.qa.testcases.CreatePartnerPageTest"/>
  <system-out/>
  <testcase name="MailboxTestVerification" time="3.262" classname="com.pcm.qa.testcases.CreatePartnerPageTest"/>
  <system-out/>
  <testcase name="MQTestVerificationwithValidData" time="3.281" classname="com.pcm.qa.testcases.CreatePartnerPageTest"/>
  <system-out/>
  <testcase name="SAPTestVerificationwithValidData" time="3.316" classname="com.pcm.qa.testcases.CreatePartnerPageTest"/>
  <system-out/>
  <testcase name="WebServicesTestVerificationwithValidData" time="3.312" classname="com.pcm.qa.testcases.CreatePartnerPageTest"/>
  <system-out/>
  <testcase name="createSAPpartner" time="3.263" classname="com.pcm.qa.testcases.CreatePartnerPageTest"/>
  <system-out/>
  <testcase name="PartnerNameTestVerification" time="3.296" classname="com.pcm.qa.testcases.CreatePartnerPageTest"/>
  <system-out/>
  <testcase name="PartnerIDTestVerification" time="3.324" classname="com.pcm.qa.testcases.CreatePartnerPageTest"/>
  <system-out/>
  <testcase name="CreatePartnerForManage" time="3.305" classname="com.pcm.qa.testcases.CreatePartnerPageTest"/>
  <system-out/>
</testsuite> <!-- com.pcm.qa.testcases.CreatePartnerPageTest -->
