<?xml version="1.0" encoding="UTF-8"?>
<!-- Generated by org.testng.reporters.JUnitReportReporter -->
<testsuite skipped="0" hostname="PavanKalyan" name="com.pcm.qa.testcases.H2P_SI_AutomationTest" tests="7" failures="0" timestamp="05 Nov 2021 10:08:59 GMT" time="337.756" errors="0">
  <testcase name="ParentNodeCreation" time="0.017" classname="com.pcm.qa.testcases.H2P_SI_AutomationTest"/>
  <testcase name="SFTP_H2P" time="80.069" classname="com.pcm.qa.testcases.H2P_SI_AutomationTest"/>
  <testcase name="Delete_SFTP_H2P" time="30.661" classname="com.pcm.qa.testcases.H2P_SI_AutomationTest"/>
  <testcase name="FTP_H2P" time="48.162" classname="com.pcm.qa.testcases.H2P_SI_AutomationTest"/>
  <testcase name="Delete_FTP_H2P" time="43.635" classname="com.pcm.qa.testcases.H2P_SI_AutomationTest"/>
  <testcase name="FTPS_H2P" time="91.584" classname="com.pcm.qa.testcases.H2P_SI_AutomationTest"/>
  <testcase name="Delete_FTPS_H2P" time="43.628" classname="com.pcm.qa.testcases.H2P_SI_AutomationTest"/>
</testsuite> <!-- com.pcm.qa.testcases.H2P_SI_AutomationTest -->
