<?xml version="1.0" encoding="UTF-8"?>
<!-- Generated by org.testng.reporters.JUnitReportReporter -->
<testsuite skipped="0" hostname="PavanKalyan" name="com.pcm.qa.testcases.CreateUserPageTest" tests="26" failures="0" timestamp="2022-02-24T16:04:56 IST" time="525.435" errors="0">
  <testcase name="ParentNodeCreation" time="0.019" classname="com.pcm.qa.testcases.CreateUserPageTest"/>
  <system-out/>
  <testcase name="verifyAccessmanagementPageTitle" time="7.261" classname="com.pcm.qa.testcases.CreateUserPageTest"/>
  <system-out/>
  <testcase name="verifyCreateUserPageTitle" time="1.051" classname="com.pcm.qa.testcases.CreateUserPageTest"/>
  <system-out/>
  <testcase name="verifyCreateUserPageAdminwithvalidData" time="22.207" classname="com.pcm.qa.testcases.CreateUserPageTest"/>
  <system-out/>
  <testcase name="verifyCreateUserPagewithvalidData" time="27.807" classname="com.pcm.qa.testcases.CreateUserPageTest"/>
  <system-out/>
  <testcase name="verifyCreateUserPageforOnBoarderwithvalidData" time="27.436" classname="com.pcm.qa.testcases.CreateUserPageTest"/>
  <system-out/>
  <testcase name="verifyCreateUserPageforBusinessAdminwithvalidData" time="26.278" classname="com.pcm.qa.testcases.CreateUserPageTest"/>
  <system-out/>
  <testcase name="verifyCreateUserPageforDataProcessorwithvalidData" time="26.531" classname="com.pcm.qa.testcases.CreateUserPageTest"/>
  <system-out/>
  <testcase name="verifyCreateUserPageforDataProcessorRestrictedwithvalidData" time="27.791" classname="com.pcm.qa.testcases.CreateUserPageTest"/>
  <system-out/>
  <testcase name="verifyNewUserPageWithOnlyMandatoryFieldsAndRoleAsUser" time="25.054" classname="com.pcm.qa.testcases.CreateUserPageTest"/>
  <system-out/>
  <testcase name="verifyNewAdminPageWithOnlyMandatoryFieldsAndRoleAsAdmin" time="19.872" classname="com.pcm.qa.testcases.CreateUserPageTest"/>
  <system-out/>
  <testcase name="verifyCreateUserPagewithoutMandatoryfields" time="5.464" classname="com.pcm.qa.testcases.CreateUserPageTest"/>
  <system-out/>
  <testcase name="verifyCreateUserPagewithOnlyNonMandatoryfields" time="10.870" classname="com.pcm.qa.testcases.CreateUserPageTest"/>
  <system-out/>
  <testcase name="ValidateCUPwithOUTUserId" time="24.623" classname="com.pcm.qa.testcases.CreateUserPageTest"/>
  <system-out/>
  <testcase name="ValidateCUPwithoutFirstName" time="25.221" classname="com.pcm.qa.testcases.CreateUserPageTest"/>
  <system-out/>
  <testcase name="ValidateCUPwithoutLastName" time="19.244" classname="com.pcm.qa.testcases.CreateUserPageTest"/>
  <system-out/>
  <testcase name="ValidateCUPwithoutEmail" time="22.212" classname="com.pcm.qa.testcases.CreateUserPageTest"/>
  <system-out/>
  <testcase name="ValidateCUPwithoutExternalId" time="22.630" classname="com.pcm.qa.testcases.CreateUserPageTest"/>
  <system-out/>
  <testcase name="ValidateCUPwithInvalidEmail" time="26.673" classname="com.pcm.qa.testcases.CreateUserPageTest"/>
  <system-out/>
  <testcase name="ValidateNewAdminCreationwithOUTUserId" time="21.744" classname="com.pcm.qa.testcases.CreateUserPageTest"/>
  <system-out/>
  <testcase name="ValidateNewAdminCreationwithoutFirstName" time="23.072" classname="com.pcm.qa.testcases.CreateUserPageTest"/>
  <system-out/>
  <testcase name="ValidateNewAdminCreationwithoutLastName" time="22.961" classname="com.pcm.qa.testcases.CreateUserPageTest"/>
  <system-out/>
  <testcase name="ValidateNewAdminCreationwithoutEmail" time="21.694" classname="com.pcm.qa.testcases.CreateUserPageTest"/>
  <system-out/>
  <testcase name="ValidateNewAdminCreationwithInvalidEmail" time="21.850" classname="com.pcm.qa.testcases.CreateUserPageTest"/>
  <system-out/>
  <testcase name="verifyCreateUserPagewithExistingData" time="28.709" classname="com.pcm.qa.testcases.CreateUserPageTest"/>
  <system-out/>
  <testcase name="verifyCreateAdminPagewithExistingData" time="17.161" classname="com.pcm.qa.testcases.CreateUserPageTest"/>
  <system-out/>
</testsuite> <!-- com.pcm.qa.testcases.CreateUserPageTest -->
