<?xml version="1.0" encoding="UTF-8"?>
<!-- Generated by org.testng.reporters.JUnitReportReporter -->
<testsuite skipped="0" hostname="PavanKalyan" name="com.pcm.qa.testcases.TransVolReportPageTest" tests="5" failures="0" timestamp="2022-02-23T21:37:53 IST" time="45.852" errors="0">
  <testcase name="ParentNodeCreation" time="0.006" classname="com.pcm.qa.testcases.TransVolReportPageTest"/>
  <system-out/>
  <testcase name="ATransVolReportTitleTest" time="7.317" classname="com.pcm.qa.testcases.TransVolReportPageTest"/>
  <system-out/>
  <testcase name="BValidateTransVolReportPageSearchErrorResultsVerification" time="12.697" classname="com.pcm.qa.testcases.TransVolReportPageTest"/>
  <system-out/>
  <testcase name="AValidateTransVolReportPageSearchResultsVerification" time="13.135" classname="com.pcm.qa.testcases.TransVolReportPageTest"/>
  <system-out/>
  <testcase name="BValidateTransVolReportPageSearchResultsVerificationWithInvalidFormat" time="12.697" classname="com.pcm.qa.testcases.TransVolReportPageTest"/>
  <system-out/>
</testsuite> <!-- com.pcm.qa.testcases.TransVolReportPageTest -->
