<?xml version="1.0" encoding="UTF-8"?>
<!-- Generated by org.testng.reporters.JUnitReportReporter -->
<testsuite skipped="0" hostname="PavanKalyan" name="com.pcm.qa.testcases.ManageRulePageTest" tests="14" failures="0" timestamp="2022-02-24T18:53:46 IST" time="142.740" errors="0">
  <testcase name="ParentNodeCreation" time="0.021" classname="com.pcm.qa.testcases.ManageRulePageTest"/>
  <system-out/>
  <testcase name="loginPageTitleTest" time="9.256" classname="com.pcm.qa.testcases.ManageRulePageTest"/>
  <system-out/>
  <testcase name="MRTestVerificationWithInValidData" time="4.325" classname="com.pcm.qa.testcases.ManageRulePageTest"/>
  <system-out/>
  <testcase name="MRTestVerificationWithValidData" time="5.750" classname="com.pcm.qa.testcases.ManageRulePageTest"/>
  <system-out/>
  <testcase name="MRTestVerificationWithRuleName" time="2.809" classname="com.pcm.qa.testcases.ManageRulePageTest"/>
  <system-out/>
  <testcase name="MRTestVerificationWithRulenameandEdit" time="20.304" classname="com.pcm.qa.testcases.ManageRulePageTest"/>
  <system-out/>
  <testcase name="MRTestVerificationWithRulenameandDelete" time="14.855" classname="com.pcm.qa.testcases.ManageRulePageTest"/>
  <system-out/>
  <testcase name="MRTestVerificationWithBusinessProcess" time="6.063" classname="com.pcm.qa.testcases.ManageRulePageTest"/>
  <system-out/>
  <testcase name="MRTestVerificationWithEdit" time="19.186" classname="com.pcm.qa.testcases.ManageRulePageTest"/>
  <system-out/>
  <testcase name="MRTestVerificationWithDelete" time="17.853" classname="com.pcm.qa.testcases.ManageRulePageTest"/>
  <system-out/>
  <testcase name="MRTestVerificationWithruleandBusinessProcess" time="8.078" classname="com.pcm.qa.testcases.ManageRulePageTest"/>
  <system-out/>
  <testcase name="MRTestVerificationWithRuleandBPEdit" time="15.168" classname="com.pcm.qa.testcases.ManageRulePageTest"/>
  <system-out/>
  <testcase name="MRTestVerificationWithRuleandBPDelete" time="14.027" classname="com.pcm.qa.testcases.ManageRulePageTest"/>
  <system-out/>
  <testcase name="MRPTestVerificationWithReset" time="5.045" classname="com.pcm.qa.testcases.ManageRulePageTest"/>
  <system-out/>
</testsuite> <!-- com.pcm.qa.testcases.ManageRulePageTest -->
