<?xml version="1.0" encoding="UTF-8"?>
<!-- Generated by org.testng.reporters.JUnitReportReporter -->
<testsuite hostname="PavanKalyan" failures="0" tests="8" name="com.pcm.qa.testcases.LoginPageTest" time="31.521" errors="0" timestamp="08 Oct 2021 07:41:15 GMT" skipped="0">
  <testcase classname="com.pcm.qa.testcases.LoginPageTest" name="ParentNodeCreation" time="0.030"/>
  <testcase classname="com.pcm.qa.testcases.LoginPageTest" name="validatingloginpageheadertitleTest" time="6.358"/>
  <testcase classname="com.pcm.qa.testcases.LoginPageTest" name="validatingloginwithvaliddataTest" time="7.583"/>
  <testcase classname="com.pcm.qa.testcases.LoginPageTest" name="validatingloginwithinvaliddataTest" time="2.100"/>
  <testcase classname="com.pcm.qa.testcases.LoginPageTest" name="validatingloginwithvalidusernameandinvalidpasswordTest" time="1.990"/>
  <testcase classname="com.pcm.qa.testcases.LoginPageTest" name="validatingloginwithinvalidusernameandvalidpasswordTest" time="1.975"/>
  <testcase classname="com.pcm.qa.testcases.LoginPageTest" name="validatingloginwithusernameasemptyTest" time="9.209"/>
  <testcase classname="com.pcm.qa.testcases.LoginPageTest" name="validatingforgotpasswordTest" time="2.276"/>
</testsuite> <!-- com.pcm.qa.testcases.LoginPageTest -->
