<?xml version="1.0" encoding="UTF-8"?>
<!-- Generated by org.testng.reporters.JUnitReportReporter -->
<testsuite skipped="0" hostname="PE-LT-076" name="com.pcm.qa.testcases.ManageApiEndpointPageTest" tests="30" failures="0" timestamp="2022-05-10T19:34:50 IST" time="599.825" errors="0">
  <testcase name="ParentNodeCreation" time="0.016" classname="com.pcm.qa.testcases.ManageApiEndpointPageTest"/>
  <system-out/>
  <testcase name="ManageApiPageTitleTest" time="10.337" classname="com.pcm.qa.testcases.ManageApiEndpointPageTest"/>
  <system-out/>
  <testcase name="ManageAPITestVerificationWithvalidData" time="19.012" classname="com.pcm.qa.testcases.ManageApiEndpointPageTest"/>
  <system-out/>
  <testcase name="ManageAPIPageTestWithvalidDataEdit" time="29.775" classname="com.pcm.qa.testcases.ManageApiEndpointPageTest"/>
  <system-out/>
  <testcase name="ManageAPITestVerificationWithOnlyAPIName" time="14.757" classname="com.pcm.qa.testcases.ManageApiEndpointPageTest"/>
  <system-out/>
  <testcase name="ManageAPITestVerificationWithOnlyAPINameandEdit" time="23.166" classname="com.pcm.qa.testcases.ManageApiEndpointPageTest"/>
  <system-out/>
  <testcase name="ManageAPITestVerificationWithOnlyWebMethod" time="16.815" classname="com.pcm.qa.testcases.ManageApiEndpointPageTest"/>
  <system-out/>
  <testcase name="ManageAPITestVerificationWithOnlyWebMethodandEdit" time="25.257" classname="com.pcm.qa.testcases.ManageApiEndpointPageTest"/>
  <system-out/>
  <testcase name="ManageAPITestVerificationWithOnlyServerUrl" time="19.780" classname="com.pcm.qa.testcases.ManageApiEndpointPageTest"/>
  <system-out/>
  <testcase name="ManageAPITestVerificationWithOnlyServerUrlandEdit" time="24.178" classname="com.pcm.qa.testcases.ManageApiEndpointPageTest"/>
  <system-out/>
  <testcase name="ManageAPITestVerificationWithAPIName_WebMethod" time="19.016" classname="com.pcm.qa.testcases.ManageApiEndpointPageTest"/>
  <system-out/>
  <testcase name="ManageAPITestVerificationWithAPIName_WebmethodandEdit" time="26.341" classname="com.pcm.qa.testcases.ManageApiEndpointPageTest"/>
  <system-out/>
  <testcase name="ManageAPITestVerificationWithAPIName_ServerUrl" time="15.933" classname="com.pcm.qa.testcases.ManageApiEndpointPageTest"/>
  <system-out/>
  <testcase name="ManageAPITestVerificationWithAPIName_ServerUrlandEdit" time="24.367" classname="com.pcm.qa.testcases.ManageApiEndpointPageTest"/>
  <system-out/>
  <testcase name="ManageAPITestVerificationWithWebmethod_ServerUrl" time="22.028" classname="com.pcm.qa.testcases.ManageApiEndpointPageTest"/>
  <system-out/>
  <testcase name="ManageAPITestVerificationWithWebmethod_ServerUrlandEdit" time="30.427" classname="com.pcm.qa.testcases.ManageApiEndpointPageTest"/>
  <system-out/>
  <testcase name="ManageAPITestVerificationWithWebMethodasPOST" time="18.803" classname="com.pcm.qa.testcases.ManageApiEndpointPageTest"/>
  <system-out/>
  <testcase name="ManageAPITestVerificationWithWebMethodasPOSTandEdit" time="25.198" classname="com.pcm.qa.testcases.ManageApiEndpointPageTest"/>
  <system-out/>
  <testcase name="ManagePartnerPageTestWithValidMethodasPOSTandDelete" time="20.113" classname="com.pcm.qa.testcases.ManageApiEndpointPageTest"/>
  <system-out/>
  <testcase name="ManageAPITestVerificationWithWebMethodasPUT" time="15.848" classname="com.pcm.qa.testcases.ManageApiEndpointPageTest"/>
  <system-out/>
  <testcase name="ManageAPITestVerificationWithWebMethodasPUTandEdit" time="25.329" classname="com.pcm.qa.testcases.ManageApiEndpointPageTest"/>
  <system-out/>
  <testcase name="ManagePartnerPageTestWithValidMethodasPUTandDelete" time="20.179" classname="com.pcm.qa.testcases.ManageApiEndpointPageTest"/>
  <system-out/>
  <testcase name="ManagePartnerPageTestWithMethodasGETandDelete" time="20.191" classname="com.pcm.qa.testcases.ManageApiEndpointPageTest"/>
  <system-out/>
  <testcase name="ManageAPITestVerificationWithWebMethodasDELETE" time="15.809" classname="com.pcm.qa.testcases.ManageApiEndpointPageTest"/>
  <system-out/>
  <testcase name="ManageAPITestVerificationWithWebMethodasDELETEandEdit" time="23.199" classname="com.pcm.qa.testcases.ManageApiEndpointPageTest"/>
  <system-out/>
  <testcase name="ManageAPIPageTestWithMethodasDELETEandDelete" time="20.239" classname="com.pcm.qa.testcases.ManageApiEndpointPageTest"/>
  <system-out/>
  <testcase name="ManageAPIPageTestWithoutData" time="13.491" classname="com.pcm.qa.testcases.ManageApiEndpointPageTest"/>
  <system-out/>
  <testcase name="ManageAPITestVerificationWithInvalidData" time="21.139" classname="com.pcm.qa.testcases.ManageApiEndpointPageTest"/>
  <system-out/>
  <testcase name="ManagePartnerPageTestWithResetSearch" time="24.316" classname="com.pcm.qa.testcases.ManageApiEndpointPageTest"/>
  <system-out/>
  <testcase name="ManagePartnerPageTestWithoutDataActivate" time="14.766" classname="com.pcm.qa.testcases.ManageApiEndpointPageTest"/>
  <system-out/>
</testsuite> <!-- com.pcm.qa.testcases.ManageApiEndpointPageTest -->
