<?xml version="1.0" encoding="UTF-8"?>
<!-- Generated by org.testng.reporters.JUnitReportReporter -->
<testsuite skipped="1" hostname="PavanKalyan" name="com.pcm.qa.testcases.PollingIntervalPageTest" tests="7" failures="0" timestamp="2022-02-23T20:06:10 IST" time="36.795" errors="0">
  <testcase name="ParentNodeCreation" time="0.017" classname="com.pcm.qa.testcases.PollingIntervalPageTest"/>
  <system-out/>
  <testcase name="PoolingIntervalPageTitleTest" time="4.219" classname="com.pcm.qa.testcases.PollingIntervalPageTest"/>
  <system-out/>
  <testcase name="CorrelationNamesPagewithValiddata" time="8.343" classname="com.pcm.qa.testcases.PollingIntervalPageTest"/>
  <system-out/>
  <testcase name="CorrelationNamesPagewithEdit" time="9.833" classname="com.pcm.qa.testcases.PollingIntervalPageTest"/>
  <system-out/>
  <testcase name="CorrelationNamesPagewithDelete" time="4.814" classname="com.pcm.qa.testcases.PollingIntervalPageTest"/>
  <system-out/>
  <testcase name="CorrelationNamesPagewithEmptyFields" time="9.569" classname="com.pcm.qa.testcases.PollingIntervalPageTest"/>
  <system-out/>
  <testcase name="CorrelationNamesPagewithDragandDrop" classname="com.pcm.qa.testcases.PollingIntervalPageTest">
    <skipped/>
  </testcase> <!-- CorrelationNamesPagewithDragandDrop -->
  <system-out/>
</testsuite> <!-- com.pcm.qa.testcases.PollingIntervalPageTest -->
