<?xml version="1.0" encoding="UTF-8"?>
<!-- Generated by org.testng.reporters.JUnitReportReporter -->
<testsuite skipped="0" hostname="PavanKalyan" name="com.pcm.qa.testcases.CreateGroupPageTest" tests="9" failures="0" timestamp="2022-02-24T16:04:56 IST" time="145.316" errors="0">
  <testcase name="ParentNodeCreation" time="0.002" classname="com.pcm.qa.testcases.CreateGroupPageTest"/>
  <system-out/>
  <testcase name="verificationOfCreateGroupPageTitle" time="11.345" classname="com.pcm.qa.testcases.CreateGroupPageTest"/>
  <system-out/>
  <testcase name="verificationOfCreateGroupWithValidData" time="13.732" classname="com.pcm.qa.testcases.CreateGroupPageTest"/>
  <system-out/>
  <testcase name="verificationOfCreateGroupWithMandatoryField" time="17.365" classname="com.pcm.qa.testcases.CreateGroupPageTest"/>
  <system-out/>
  <testcase name="verificationOfCreateGroupWithOutMandatoryField" time="16.934" classname="com.pcm.qa.testcases.CreateGroupPageTest"/>
  <system-out/>
  <testcase name="verificationOfCreateGroupWithInvalidOrExistingData" time="20.782" classname="com.pcm.qa.testcases.CreateGroupPageTest"/>
  <system-out/>
  <testcase name="verificationOfCreateGroupWithCancleButton" time="16.525" classname="com.pcm.qa.testcases.CreateGroupPageTest"/>
  <system-out/>
  <testcase name="verificationOfCreateGroupWithFilter1Search" time="21.723" classname="com.pcm.qa.testcases.CreateGroupPageTest"/>
  <system-out/>
  <testcase name="verificationOfCreateGroupWithFilter2Search" time="26.908" classname="com.pcm.qa.testcases.CreateGroupPageTest"/>
  <system-out/>
</testsuite> <!-- com.pcm.qa.testcases.CreateGroupPageTest -->
