<?xml version="1.0" encoding="UTF-8"?>
<!-- Generated by org.testng.reporters.JUnitReportReporter -->
<testsuite skipped="0" hostname="PavanKalyan" name="com.pcm.qa.testcases.fileTest" tests="1" failures="0" timestamp="2022-01-03T21:58:10 IST" time="38.565" errors="0">
  <testcase name="test1" time="38.565" classname="com.pcm.qa.testcases.fileTest"/>
  <system-out/>
</testsuite> <!-- com.pcm.qa.testcases.fileTest -->
