<?xml version="1.0" encoding="UTF-8"?>
<!-- Generated by org.testng.reporters.JUnitReportReporter -->
<testsuite skipped="20" hostname="PE-LT-076" name="com.pcm.qa.testcases.CreateApiEndPointPageTest" tests="121" failures="0" timestamp="2022-05-16T17:21:27 IST" time="1013.671" errors="0">
  <testcase name="ParentNodeCreation" time="0.008" classname="com.pcm.qa.testcases.CreateApiEndPointPageTest"/>
  <system-out/>
  <testcase name="CreateAPIEndPointPageTitleTest" time="4.195" classname="com.pcm.qa.testcases.CreateApiEndPointPageTest"/>
  <system-out/>
  <testcase name="VerifyingCreateAPIEndpointpagewithAPINameasMandatoryfield" time="32.496" classname="com.pcm.qa.testcases.CreateApiEndPointPageTest"/>
  <system-out/>
  <testcase name="VerifyingCreateAPIEndpointPagewithServerURLasMandatoryfield" time="32.288" classname="com.pcm.qa.testcases.CreateApiEndPointPageTest"/>
  <system-out/>
  <testcase name="verifyingCreateAPIEndpointpagewithapitypeasCreateAPIwithvaliddata" time="37.550" classname="com.pcm.qa.testcases.CreateApiEndPointPageTest"/>
  <system-out/>
  <testcase name="verifyingcreateAPIendpointpagewithapitypeasCreateAPIwithinvaliddata" time="35.202" classname="com.pcm.qa.testcases.CreateApiEndPointPageTest"/>
  <system-out/>
  <testcase name="verifyingcreateapiwithproxyauthasnoauth" time="26.859" classname="com.pcm.qa.testcases.CreateApiEndPointPageTest"/>
  <system-out/>
  <testcase name="VerifyingCreateapiwithproxyAuthasbasicauthwithmandatoryfields" time="30.101" classname="com.pcm.qa.testcases.CreateApiEndPointPageTest"/>
  <system-out/>
  <testcase name="verifyingCreateApiwithProxyauthasBasicauthwithoutmandatoryfields" time="28.256" classname="com.pcm.qa.testcases.CreateApiEndPointPageTest"/>
  <system-out/>
  <testcase name="VerifyingCreateApiwithproxyauthasTokenauthwithmandatoryfields" time="38.639" classname="com.pcm.qa.testcases.CreateApiEndPointPageTest"/>
  <system-out/>
  <testcase name="VerifyingCreateApiwithproxyAuthasTokenauthandTokenkeyasmandatoryfields" time="38.661" classname="com.pcm.qa.testcases.CreateApiEndPointPageTest"/>
  <system-out/>
  <testcase name="VerifyingCreateApiwithproxyauthasTokenauthandUsernameasmandatoryfields" time="38.675" classname="com.pcm.qa.testcases.CreateApiEndPointPageTest"/>
  <system-out/>
  <testcase name="VerifyingCreateApiwithProxyauthasTokenAuthandPasswordasmandatoryfields" time="36.666" classname="com.pcm.qa.testcases.CreateApiEndPointPageTest"/>
  <system-out/>
  <testcase name="VerifyingCreateApiwithproxyauthasTokenauthandTokenHeaderasMandatoryFields" time="36.622" classname="com.pcm.qa.testcases.CreateApiEndPointPageTest"/>
  <system-out/>
  <testcase name="verifyingCreateApiwithproxyAuthasTokenauthwithmandatoryFields" time="40.016" classname="com.pcm.qa.testcases.CreateApiEndPointPageTest"/>
  <system-out/>
  <testcase name="VerifyingCreateApiwithproxyauthastokenAuthwithoutMandatoryFields" time="27.079" classname="com.pcm.qa.testcases.CreateApiEndPointPageTest"/>
  <system-out/>
  <testcase name="VerifyingCreatApiwithproxyAuthasOAuth" time="27.721" classname="com.pcm.qa.testcases.CreateApiEndPointPageTest"/>
  <system-out/>
  <testcase name="VerifyingCreateApiwithproxyAuthasOAuth" time="27.728" classname="com.pcm.qa.testcases.CreateApiEndPointPageTest"/>
  <system-out/>
  <testcase name="VerifyingCreateApiwithServerAuthasNoauth" time="27.662" classname="com.pcm.qa.testcases.CreateApiEndPointPageTest"/>
  <system-out/>
  <testcase name="VerifyingCreateApiwithServerauthasBasicauthwithoutMandatoryFields" time="28.260" classname="com.pcm.qa.testcases.CreateApiEndPointPageTest"/>
  <system-out/>
  <testcase name="VerifyingCreateApiwithServerAuthasBasicauthwithoutMandatoryFields" time="29.930" classname="com.pcm.qa.testcases.CreateApiEndPointPageTest"/>
  <system-out/>
  <testcase name="verifyingCreateApiwithServerAuthasTokenauthwithmandatoryFields" time="40.614" classname="com.pcm.qa.testcases.CreateApiEndPointPageTest"/>
  <system-out/>
  <testcase name="VerifyingCreateApiwithServerAuthasTokenauthWithoutMandatoryFields" time="5.671" classname="com.pcm.qa.testcases.CreateApiEndPointPageTest"/>
  <system-out/>
  <testcase name="verifyingCreateApiwithServerAuthasTokenauthandTokenUrlasMandatoryFields" time="5.313" classname="com.pcm.qa.testcases.CreateApiEndPointPageTest"/>
  <system-out/>
  <testcase name="verifyingCreateApiwithServerauthasTokenauthandTokenkeyasMandatoryFields" time="5.279" classname="com.pcm.qa.testcases.CreateApiEndPointPageTest"/>
  <system-out/>
  <testcase name="VerifyingCreateApiwithServerauthasTokenAuthandUsernameasMandatoryFields" time="5.303" classname="com.pcm.qa.testcases.CreateApiEndPointPageTest"/>
  <system-out/>
  <testcase name="verifyingCreateApiwithServerauthasTokenauthandPasswordasMandatoryFields" time="5.319" classname="com.pcm.qa.testcases.CreateApiEndPointPageTest"/>
  <system-out/>
  <testcase name="VerifyingCreateApiwithServerauthasTokenauthandTokenHeaderasMandatoryFields" time="5.287" classname="com.pcm.qa.testcases.CreateApiEndPointPageTest"/>
  <system-out/>
  <testcase name="VerifyingCreateApiwithServerauthasOAuth" time="5.322" classname="com.pcm.qa.testcases.CreateApiEndPointPageTest"/>
  <system-out/>
  <testcase name="VerifyingCreateApwithServerauthasOAuth" time="5.291" classname="com.pcm.qa.testcases.CreateApiEndPointPageTest"/>
  <system-out/>
  <testcase name="VerifyingCreateApiwithParamswithValidData" time="4.275" classname="com.pcm.qa.testcases.CreateApiEndPointPageTest"/>
  <system-out/>
  <testcase name="VerifyingCreateApiwithParamswithValidDatawithAddButton" time="4.313" classname="com.pcm.qa.testcases.CreateApiEndPointPageTest"/>
  <system-out/>
  <testcase name="VerifyingCreateApiwithHeaderswithValidData" time="4.317" classname="com.pcm.qa.testcases.CreateApiEndPointPageTest"/>
  <system-out/>
  <testcase name="VerifyingCreateApiwithHeaderswithAdd" time="4.310" classname="com.pcm.qa.testcases.CreateApiEndPointPageTest"/>
  <system-out/>
  <testcase name="verifyingCreateApiwithProxywebmethodasGETandproxyauthtypeasNoAuth" time="4.286" classname="com.pcm.qa.testcases.CreateApiEndPointPageTest"/>
  <system-out/>
  <testcase name="verifyingCreateApiwithProxywebmethodasGETandproxyauthtypeasBasicAuth" time="4.299" classname="com.pcm.qa.testcases.CreateApiEndPointPageTest"/>
  <system-out/>
  <testcase name="verifyingCreateApiwithproxywebMethodasGETandproxyAuthtypeasTokenAuth" time="4.321" classname="com.pcm.qa.testcases.CreateApiEndPointPageTest"/>
  <system-out/>
  <testcase name="VerifyingCreateApiwithproxyAuthOAuth" time="4.293" classname="com.pcm.qa.testcases.CreateApiEndPointPageTest"/>
  <system-out/>
  <testcase name="VerifyingCreateApiwitproxyAuthOAuth" time="4.272" classname="com.pcm.qa.testcases.CreateApiEndPointPageTest"/>
  <system-out/>
  <testcase name="VerifyingCreateApiwithproxyPostAuthOAuth" time="4.298" classname="com.pcm.qa.testcases.CreateApiEndPointPageTest"/>
  <system-out/>
  <testcase name="VerifyingCreateApiwithproxyPostAuthBasicAuth" time="4.320" classname="com.pcm.qa.testcases.CreateApiEndPointPageTest"/>
  <system-out/>
  <testcase name="verifyingCreateApiwithproxywebMethodasPOSTandproxyAuthtypeasTokenAuth" time="4.337" classname="com.pcm.qa.testcases.CreateApiEndPointPageTest"/>
  <system-out/>
  <testcase name="VerifyingCreateApiwithproxyPostAuth" time="4.334" classname="com.pcm.qa.testcases.CreateApiEndPointPageTest"/>
  <system-out/>
  <testcase name="VerifyingCreateApiwitproxyPostAuth" time="4.332" classname="com.pcm.qa.testcases.CreateApiEndPointPageTest"/>
  <system-out/>
  <testcase name="verifyingCreateApiwithProxywebmethodasPUTandproxyauthtypeasNoAuth" time="4.309" classname="com.pcm.qa.testcases.CreateApiEndPointPageTest"/>
  <system-out/>
  <testcase name="verifyingCeateApiwithProxywebMethodasPUTandproxyAuthtypeasBasicAuth" time="4.329" classname="com.pcm.qa.testcases.CreateApiEndPointPageTest"/>
  <system-out/>
  <testcase name="verifyingCreateApiwithproxywebMethodasPUTandproxyAuthtypeasTokenAuth" time="4.331" classname="com.pcm.qa.testcases.CreateApiEndPointPageTest"/>
  <system-out/>
  <testcase name="VerifyingCreateApiwithproxyPutAuth" time="4.284" classname="com.pcm.qa.testcases.CreateApiEndPointPageTest"/>
  <system-out/>
  <testcase name="VerifyingCreateApiwitproxyPutAuth" time="4.279" classname="com.pcm.qa.testcases.CreateApiEndPointPageTest"/>
  <system-out/>
  <testcase name="verifyingCreateApiwithProxywebmethodasDeleteandproxyauthtypeasNoAuth" time="4.296" classname="com.pcm.qa.testcases.CreateApiEndPointPageTest"/>
  <system-out/>
  <testcase name="verifyingCreateApiwithProxywebmethodasDeleteandproxyauthtypeasBasicAuth" time="4.338" classname="com.pcm.qa.testcases.CreateApiEndPointPageTest"/>
  <system-out/>
  <testcase name="verifyingCreateApiwithproxywebMethodasDELETEAndproxyAuthtypeasTokenauth" time="4.328" classname="com.pcm.qa.testcases.CreateApiEndPointPageTest"/>
  <system-out/>
  <testcase name="VerifyingCreateApwithproxyPutAuth" time="4.312" classname="com.pcm.qa.testcases.CreateApiEndPointPageTest"/>
  <system-out/>
  <testcase name="VerifyingCreateAiwitproxyPutAuth" time="4.337" classname="com.pcm.qa.testcases.CreateApiEndPointPageTest"/>
  <system-out/>
  <testcase name="VerifyingCreateApiwithSeverAuthOAuth" time="4.274" classname="com.pcm.qa.testcases.CreateApiEndPointPageTest"/>
  <system-out/>
  <testcase name="verifyingCreateApiwithproxywebmethodasGETandServerauthtypeasBasicauth" time="4.342" classname="com.pcm.qa.testcases.CreateApiEndPointPageTest"/>
  <system-out/>
  <testcase name="verifyingCreateApiwithproxywebmethodasGETandServerauthtypeasTokencauth" time="4.277" classname="com.pcm.qa.testcases.CreateApiEndPointPageTest"/>
  <system-out/>
  <testcase name="VerifyingCreateApwithSeverAuth" time="4.337" classname="com.pcm.qa.testcases.CreateApiEndPointPageTest"/>
  <system-out/>
  <testcase name="VerifyingCreateAPIwithSeverAuth" time="4.314" classname="com.pcm.qa.testcases.CreateApiEndPointPageTest"/>
  <system-out/>
  <testcase name="VerifyingCreateApiwithPOSTSeverAuthOAuth" time="4.305" classname="com.pcm.qa.testcases.CreateApiEndPointPageTest"/>
  <system-out/>
  <testcase name="VerifyingCreateApiwithPOSTSeverAuthAsBasicAuth" time="4.269" classname="com.pcm.qa.testcases.CreateApiEndPointPageTest"/>
  <system-out/>
  <testcase name="verifyingCreateApiwithproxywebmethodasPOSTandServerauthtypeasTokencauth" time="4.323" classname="com.pcm.qa.testcases.CreateApiEndPointPageTest"/>
  <system-out/>
  <testcase name="VerifyingCreateApwithSeverAuthOne" time="4.336" classname="com.pcm.qa.testcases.CreateApiEndPointPageTest"/>
  <system-out/>
  <testcase name="VerifyingCreateAPIwithSeverAuthTwo" time="4.225" classname="com.pcm.qa.testcases.CreateApiEndPointPageTest"/>
  <system-out/>
  <testcase name="VerifyingCreateApiwithPUTSeverAuthOAuth" time="4.284" classname="com.pcm.qa.testcases.CreateApiEndPointPageTest"/>
  <system-out/>
  <testcase name="VerifyingCreateApiwithPUTSeverAuthAsBasicAuth" time="4.234" classname="com.pcm.qa.testcases.CreateApiEndPointPageTest"/>
  <system-out/>
  <testcase name="VerifyingCreateApiwithPUTSeverAuthAsTokenAuth" time="4.229" classname="com.pcm.qa.testcases.CreateApiEndPointPageTest"/>
  <system-out/>
  <testcase name="VerifyingCreateAPIwithProxywebMethodasPUTandServerAuthtypeasOAuth" time="4.289" classname="com.pcm.qa.testcases.CreateApiEndPointPageTest"/>
  <system-out/>
  <testcase name="VerifyingCreateAPIwithProxywebMethodasPUTandServerAuthtypeAsOAuth" time="4.275" classname="com.pcm.qa.testcases.CreateApiEndPointPageTest"/>
  <system-out/>
  <testcase name="VerifyingCreateApiwithDELETESeverAuthOAuth" time="4.329" classname="com.pcm.qa.testcases.CreateApiEndPointPageTest"/>
  <system-out/>
  <testcase name="VerifyingCreateApiwithDELETESeverAuthAsBasicAuth" time="4.317" classname="com.pcm.qa.testcases.CreateApiEndPointPageTest"/>
  <system-out/>
  <testcase name="VerifyingCreateApiwithDELETESeverAuthAsTokenAuth" time="4.320" classname="com.pcm.qa.testcases.CreateApiEndPointPageTest"/>
  <system-out/>
  <testcase name="VerifyingCreateAPIwithProxywebMethodasDELETEandServerAuthtypeasOAuth" time="4.309" classname="com.pcm.qa.testcases.CreateApiEndPointPageTest"/>
  <system-out/>
  <testcase name="VerifyingCreateAPIwithProxywebMethodasDELETEandServerAuthtypeAsOAuth" time="4.295" classname="com.pcm.qa.testcases.CreateApiEndPointPageTest"/>
  <system-out/>
  <testcase name="verifyingCreateAPIwithProxyWebMethodasGETandParamswithValidData" time="4.324" classname="com.pcm.qa.testcases.CreateApiEndPointPageTest"/>
  <system-out/>
  <testcase name="verifyingCreateAPIwithProxyWebMethodasGETandParamswithValidDataAndADD" time="4.293" classname="com.pcm.qa.testcases.CreateApiEndPointPageTest"/>
  <system-out/>
  <testcase name="verifyingCreateAPIwithProxyWebMethodasPOSTandParamswithValidData" time="4.281" classname="com.pcm.qa.testcases.CreateApiEndPointPageTest"/>
  <system-out/>
  <testcase name="verifyingCreateAPIwithProxyWebMethodasPOSTandParamswithValidDataAndADD" time="4.349" classname="com.pcm.qa.testcases.CreateApiEndPointPageTest"/>
  <system-out/>
  <testcase name="verifyingCreateAPIwithProxyWebMethodasPUTandParamswithValidData" time="4.330" classname="com.pcm.qa.testcases.CreateApiEndPointPageTest"/>
  <system-out/>
  <testcase name="verifyingCreateAPIwithProxyWebMethodasPUTandParamswithValidDataAndADD" time="4.324" classname="com.pcm.qa.testcases.CreateApiEndPointPageTest"/>
  <system-out/>
  <testcase name="verifyingCreateAPIwithProxyWebMethodasDELETEandParamswithValidData" time="4.339" classname="com.pcm.qa.testcases.CreateApiEndPointPageTest"/>
  <system-out/>
  <testcase name="verifyingCreateAPIwithProxyWebMethodasDELETEandParamswithValidDataAndADD" time="4.322" classname="com.pcm.qa.testcases.CreateApiEndPointPageTest"/>
  <system-out/>
  <testcase name="VerifyingCreateApiwithProxyWebMethodasGETandHeaderswithValidData" time="4.311" classname="com.pcm.qa.testcases.CreateApiEndPointPageTest"/>
  <system-out/>
  <testcase name="VerifyingCreateApiwithProxyWebMethodasGETandHeaderswithADD" time="4.287" classname="com.pcm.qa.testcases.CreateApiEndPointPageTest"/>
  <system-out/>
  <testcase name="VerifyingCreateApiwithProxyWebMethodasPOSTandHeaderswithValidData" time="4.284" classname="com.pcm.qa.testcases.CreateApiEndPointPageTest"/>
  <system-out/>
  <testcase name="VerifyingCreateApiwithProxyWebMethodasPOSTandHeaderswithADD" time="4.335" classname="com.pcm.qa.testcases.CreateApiEndPointPageTest"/>
  <system-out/>
  <testcase name="VerifyingCreateApiwithProxyWebMethodasPUTandHeaderswithValidData" time="4.283" classname="com.pcm.qa.testcases.CreateApiEndPointPageTest"/>
  <system-out/>
  <testcase name="VerifyingCreateApiwithProxyWebMethodasPUTandHeaderswithADD" time="4.335" classname="com.pcm.qa.testcases.CreateApiEndPointPageTest"/>
  <system-out/>
  <testcase name="VerifyingCreateApiwithProxyWebMethodasDELETEandHeaderswithValidData" time="4.342" classname="com.pcm.qa.testcases.CreateApiEndPointPageTest"/>
  <system-out/>
  <testcase name="VerifyingCreateApiwithProxyWebMethodasDELETEandHeaderswithADD" time="4.286" classname="com.pcm.qa.testcases.CreateApiEndPointPageTest"/>
  <system-out/>
  <testcase name="VerifyingCreateApiwithOnlyProxyAuthandServerAuth" time="4.285" classname="com.pcm.qa.testcases.CreateApiEndPointPageTest"/>
  <system-out/>
  <testcase name="VerifyingCreateApiwithOnlyProxyAuthandParams" time="4.320" classname="com.pcm.qa.testcases.CreateApiEndPointPageTest"/>
  <system-out/>
  <testcase name="VerifyingCreateApiwithOnlyProxyAuthandHeaders" time="4.316" classname="com.pcm.qa.testcases.CreateApiEndPointPageTest"/>
  <system-out/>
  <testcase name="VerifyingCreateApiwithOnlyProxyAuthandBody" time="4.240" classname="com.pcm.qa.testcases.CreateApiEndPointPageTest"/>
  <system-out/>
  <testcase name="VerifyingCreateApiwithOnlyServerAuthandParams" time="4.328" classname="com.pcm.qa.testcases.CreateApiEndPointPageTest"/>
  <system-out/>
  <testcase name="VerifyingCreateApiwithOnlyServerAuthandHeaders" time="4.296" classname="com.pcm.qa.testcases.CreateApiEndPointPageTest"/>
  <system-out/>
  <testcase name="VerifyingCreatApiwithOnlyServerAuthandBody" time="4.264" classname="com.pcm.qa.testcases.CreateApiEndPointPageTest"/>
  <system-out/>
  <testcase name="VerifyingCreateApiwithOnlyParamsandHeaders" time="4.322" classname="com.pcm.qa.testcases.CreateApiEndPointPageTest"/>
  <system-out/>
  <testcase name="VerifyingCreateApiwithOnlyHeadersandBody" time="4.329" classname="com.pcm.qa.testcases.CreateApiEndPointPageTest"/>
  <system-out/>
  <testcase name="VerifyingCreateApiwithOnlyParamsandBody" time="4.309" classname="com.pcm.qa.testcases.CreateApiEndPointPageTest"/>
  <system-out/>
  <testcase name="VerifyingCreateApiwithOnlyProxyAuthServerAuthandParams" time="4.291" classname="com.pcm.qa.testcases.CreateApiEndPointPageTest"/>
  <system-out/>
  <testcase name="VerifyingCreateApiwithServerAuthParamsAndBody" classname="com.pcm.qa.testcases.CreateApiEndPointPageTest">
    <skipped/>
  </testcase> <!-- VerifyingCreateApiwithServerAuthParamsAndBody -->
  <system-out/>
  <testcase name="verifyingCreateApiwithServerAuthParamsandHeaders" classname="com.pcm.qa.testcases.CreateApiEndPointPageTest">
    <skipped/>
  </testcase> <!-- verifyingCreateApiwithServerAuthParamsandHeaders -->
  <system-out/>
  <testcase name="VerifyingCreateApiWithServerAuthParamsAndBody" classname="com.pcm.qa.testcases.CreateApiEndPointPageTest">
    <skipped/>
  </testcase> <!-- VerifyingCreateApiWithServerAuthParamsAndBody -->
  <system-out/>
  <testcase name="verifyingCreateAPiwithOnlyServerAuthAndParams" classname="com.pcm.qa.testcases.CreateApiEndPointPageTest">
    <skipped/>
  </testcase> <!-- verifyingCreateAPiwithOnlyServerAuthAndParams -->
  <system-out/>
  <testcase name="VerifyingCreateAPIwithProxyAuthServerAuthParamsandheaders" classname="com.pcm.qa.testcases.CreateApiEndPointPageTest">
    <skipped/>
  </testcase> <!-- VerifyingCreateAPIwithProxyAuthServerAuthParamsandheaders -->
  <system-out/>
  <testcase name="VerifyingCreateAPIwithServerAuthParamsHeadersAndBody" classname="com.pcm.qa.testcases.CreateApiEndPointPageTest">
    <skipped/>
  </testcase> <!-- VerifyingCreateAPIwithServerAuthParamsHeadersAndBody -->
  <system-out/>
  <testcase name="VerifyingCreateAPIwithProxyAuthServerAuthParamsandHeadersBody" classname="com.pcm.qa.testcases.CreateApiEndPointPageTest">
    <skipped/>
  </testcase> <!-- VerifyingCreateAPIwithProxyAuthServerAuthParamsandHeadersBody -->
  <system-out/>
  <testcase name="VerifyingCreateApiwithOnlyProxyAuthServerAuthandBody" classname="com.pcm.qa.testcases.CreateApiEndPointPageTest">
    <skipped/>
  </testcase> <!-- VerifyingCreateApiwithOnlyProxyAuthServerAuthandBody -->
  <system-out/>
  <testcase name="VerifyingInvokeAPIwithonlyServerAuth" classname="com.pcm.qa.testcases.CreateApiEndPointPageTest">
    <skipped/>
  </testcase> <!-- VerifyingInvokeAPIwithonlyServerAuth -->
  <system-out/>
  <testcase name="VerifyingInvokeApiwithOnlyParams" classname="com.pcm.qa.testcases.CreateApiEndPointPageTest">
    <skipped/>
  </testcase> <!-- VerifyingInvokeApiwithOnlyParams -->
  <system-out/>
  <testcase name="VerifyingCreateAPIwithProxyAuthServerAuthParamsandHeaders" classname="com.pcm.qa.testcases.CreateApiEndPointPageTest">
    <skipped/>
  </testcase> <!-- VerifyingCreateAPIwithProxyAuthServerAuthParamsandHeaders -->
  <system-out/>
  <testcase name="verifyingCreateAPiwithOnlyServerAuthAndHeaders" classname="com.pcm.qa.testcases.CreateApiEndPointPageTest">
    <skipped/>
  </testcase> <!-- verifyingCreateAPiwithOnlyServerAuthAndHeaders -->
  <system-out/>
  <testcase name="VerifyingCreateAPIwithOnlyHeadersAndBody" classname="com.pcm.qa.testcases.CreateApiEndPointPageTest">
    <skipped/>
  </testcase> <!-- VerifyingCreateAPIwithOnlyHeadersAndBody -->
  <system-out/>
  <testcase name="VerifyingCreateApiwithOnlyServerAuthandBody" classname="com.pcm.qa.testcases.CreateApiEndPointPageTest">
    <skipped/>
  </testcase> <!-- VerifyingCreateApiwithOnlyServerAuthandBody -->
  <system-out/>
  <testcase name="verifyingCreateApiwithOnlyParamsAndBody" classname="com.pcm.qa.testcases.CreateApiEndPointPageTest">
    <skipped/>
  </testcase> <!-- verifyingCreateApiwithOnlyParamsAndBody -->
  <system-out/>
  <testcase name="VerifyingInvokeApiwithOnlyBody" classname="com.pcm.qa.testcases.CreateApiEndPointPageTest">
    <skipped/>
  </testcase> <!-- VerifyingInvokeApiwithOnlyBody -->
  <system-out/>
  <testcase name="VerifyingInvokeAPIwithValidData" classname="com.pcm.qa.testcases.CreateApiEndPointPageTest">
    <skipped/>
  </testcase> <!-- VerifyingInvokeAPIwithValidData -->
  <system-out/>
  <testcase name="VerifyingInvokeApiwithOnlyHeaders" classname="com.pcm.qa.testcases.CreateApiEndPointPageTest">
    <skipped/>
  </testcase> <!-- VerifyingInvokeApiwithOnlyHeaders -->
  <system-out/>
  <testcase name="VerifyingCreateApiwithOnlyProxyAuthServerAuthandHeaders" classname="com.pcm.qa.testcases.CreateApiEndPointPageTest">
    <skipped/>
  </testcase> <!-- VerifyingCreateApiwithOnlyProxyAuthServerAuthandHeaders -->
  <system-out/>
  <testcase name="VerifyingCreateApiWithServerAuthParamsAndHeaders" classname="com.pcm.qa.testcases.CreateApiEndPointPageTest">
    <skipped/>
  </testcase> <!-- VerifyingCreateApiWithServerAuthParamsAndHeaders -->
  <system-out/>
</testsuite> <!-- com.pcm.qa.testcases.CreateApiEndPointPageTest -->
