<?xml version="1.0" encoding="UTF-8"?>
<!-- Generated by org.testng.reporters.JUnitReportReporter -->
<testsuite skipped="0" hostname="PavanKalyan" name="com.pcm.qa.testcases.MultipleDataFlowsTest" tests="17" failures="0" timestamp="2021-11-29T16:44:20 IST" time="442.530" errors="0">
  <testcase name="ParentNodeCreation" time="0.008" classname="com.pcm.qa.testcases.MultipleDataFlowsTest"/>
  <system-out/>
  <testcase name="multipledataflowpage" time="21.632" classname="com.pcm.qa.testcases.MultipleDataFlowsTest"/>
  <system-out/>
  <testcase name="multipledataflowpagewithonlypartnername" time="20.140" classname="com.pcm.qa.testcases.MultipleDataFlowsTest"/>
  <system-out/>
  <testcase name="multipledataflowpagewithonlyapplicationname" time="20.462" classname="com.pcm.qa.testcases.MultipleDataFlowsTest"/>
  <system-out/>
  <testcase name="multipledataflowpagewithonlyMFT" time="23.240" classname="com.pcm.qa.testcases.MultipleDataFlowsTest"/>
  <system-out/>
  <testcase name="multipledataflowpagewithonlyDocHandling" time="24.122" classname="com.pcm.qa.testcases.MultipleDataFlowsTest"/>
  <system-out/>
  <testcase name="multipledataflowpagewithonlyInbound" time="24.953" classname="com.pcm.qa.testcases.MultipleDataFlowsTest"/>
  <system-out/>
  <testcase name="multipledataflowpagewithonlyOutbound" time="25.509" classname="com.pcm.qa.testcases.MultipleDataFlowsTest"/>
  <system-out/>
  <testcase name="multipledataflowpagewithonlyFilename" time="24.318" classname="com.pcm.qa.testcases.MultipleDataFlowsTest"/>
  <system-out/>
  <testcase name="multipledataflowpagewithonlyDoctype" time="25.241" classname="com.pcm.qa.testcases.MultipleDataFlowsTest"/>
  <system-out/>
  <testcase name="multipledataflowpagewithonlySenderId" time="26.692" classname="com.pcm.qa.testcases.MultipleDataFlowsTest"/>
  <system-out/>
  <testcase name="multipledataflowpagewithonlyReceiverId" time="27.847" classname="com.pcm.qa.testcases.MultipleDataFlowsTest"/>
  <system-out/>
  <testcase name="multipledataflowpagewithDuplicatePartnerName" time="28.808" classname="com.pcm.qa.testcases.MultipleDataFlowsTest"/>
  <system-out/>
  <testcase name="multipledataflowpagewithSearchWorkflows" time="28.912" classname="com.pcm.qa.testcases.MultipleDataFlowsTest"/>
  <system-out/>
  <testcase name="multipledataflowpagewithPageNation" time="35.477" classname="com.pcm.qa.testcases.MultipleDataFlowsTest"/>
  <system-out/>
  <testcase name="multipledataflowpagewithResetButton" time="44.966" classname="com.pcm.qa.testcases.MultipleDataFlowsTest"/>
  <system-out/>
  <testcase name="multipledataflowpagewithCancelButton" time="40.203" classname="com.pcm.qa.testcases.MultipleDataFlowsTest"/>
  <system-out/>
</testsuite> <!-- com.pcm.qa.testcases.MultipleDataFlowsTest -->
