<?xml version="1.0" encoding="UTF-8"?>
<!-- Generated by org.testng.reporters.JUnitReportReporter -->
<testsuite skipped="98" hostname="PavanKalyan" name="com.pcm.qa.testcases.ManagePartnerPageTest" tests="137" failures="0" timestamp="2022-02-07T19:21:25 IST" time="659.951" errors="0">
  <testcase name="ParentNodeCreation" time="0.010" classname="com.pcm.qa.testcases.ManagePartnerPageTest"/>
  <system-out/>
  <testcase name="loginPageTitleTest" time="6.128" classname="com.pcm.qa.testcases.ManagePartnerPageTest"/>
  <system-out/>
  <testcase name="MPTestVerificationWithInvalidData" time="18.665" classname="com.pcm.qa.testcases.ManagePartnerPageTest"/>
  <system-out/>
  <testcase name="MPTestVerificationWithvalidData" time="17.581" classname="com.pcm.qa.testcases.ManagePartnerPageTest"/>
  <system-out/>
  <testcase name="ManagePartnerPageTestWithvalidDataEdit" time="24.756" classname="com.pcm.qa.testcases.ManagePartnerPageTest"/>
  <system-out/>
  <testcase name="ManagePartnerPageTestWithValidDataActivitylog" time="23.717" classname="com.pcm.qa.testcases.ManagePartnerPageTest"/>
  <system-out/>
  <testcase name="ManagePartnerPageTestWithValidDataActivate" time="20.696" classname="com.pcm.qa.testcases.ManagePartnerPageTest"/>
  <system-out/>
  <testcase name="ManagePartnerPageTestWithValidDataDeactivate" time="20.628" classname="com.pcm.qa.testcases.ManagePartnerPageTest"/>
  <system-out/>
  <testcase name="MPTestVerificationWithOnlyPartnerName" time="7.200" classname="com.pcm.qa.testcases.ManagePartnerPageTest"/>
  <system-out/>
  <testcase name="MPTestVerificationWithOnlyPartnerNameandEdit" time="14.465" classname="com.pcm.qa.testcases.ManagePartnerPageTest"/>
  <system-out/>
  <testcase name="ManagePartnerPageTestWithPartnernameandActivitylog" time="13.341" classname="com.pcm.qa.testcases.ManagePartnerPageTest"/>
  <system-out/>
  <testcase name="ManagePartnerPageTestWithPartnernameandActivate" time="10.390" classname="com.pcm.qa.testcases.ManagePartnerPageTest"/>
  <system-out/>
  <testcase name="ManagePartnerPageTestWithPartnernameandDeactivate" time="10.345" classname="com.pcm.qa.testcases.ManagePartnerPageTest"/>
  <system-out/>
  <testcase name="MPTestVerificationWithOnlyPartnerId" time="7.224" classname="com.pcm.qa.testcases.ManagePartnerPageTest"/>
  <system-out/>
  <testcase name="MPTestVerificationWithOnlyPartnerIdandEdit" time="14.369" classname="com.pcm.qa.testcases.ManagePartnerPageTest"/>
  <system-out/>
  <testcase name="ManagePartnerPageTestWithPartnerIdandActivitylog" time="13.330" classname="com.pcm.qa.testcases.ManagePartnerPageTest"/>
  <system-out/>
  <testcase name="ManagePartnerPageTestWithPartnerIdandActivate" time="10.371" classname="com.pcm.qa.testcases.ManagePartnerPageTest"/>
  <system-out/>
  <testcase name="ManagePartnerPageTestWithPartnerIdandDeactivate" time="10.352" classname="com.pcm.qa.testcases.ManagePartnerPageTest"/>
  <system-out/>
  <testcase name="MPTestVerificationWithOnlyStatusInactive" time="13.274" classname="com.pcm.qa.testcases.ManagePartnerPageTest"/>
  <system-out/>
  <testcase name="MPTestVerificationWithOnlyStatusasInactiveandEdit" time="21.936" classname="com.pcm.qa.testcases.ManagePartnerPageTest"/>
  <system-out/>
  <testcase name="ManagePartnerPageTestWithStatusasInactiveandActivitylog" time="20.662" classname="com.pcm.qa.testcases.ManagePartnerPageTest"/>
  <system-out/>
  <testcase name="ManagePartnerPageTestWithStatusasInactiveandActivate" time="17.525" classname="com.pcm.qa.testcases.ManagePartnerPageTest"/>
  <system-out/>
  <testcase name="MPTestVerificationWithOnlyStatusActive" time="13.168" classname="com.pcm.qa.testcases.ManagePartnerPageTest"/>
  <system-out/>
  <testcase name="MPTestVerificationWithOnlyStatusasActiveandEdit" time="21.518" classname="com.pcm.qa.testcases.ManagePartnerPageTest"/>
  <system-out/>
  <testcase name="ManagePartnerPageTestWithStatusasActiveandActivitylog" time="20.535" classname="com.pcm.qa.testcases.ManagePartnerPageTest"/>
  <system-out/>
  <testcase name="ManagePartnerPageTestWithStatusasActiveandDeactivate" time="17.481" classname="com.pcm.qa.testcases.ManagePartnerPageTest"/>
  <system-out/>
  <testcase name="MPTestVerificationWithOnlyProtocol" time="10.797" classname="com.pcm.qa.testcases.ManagePartnerPageTest"/>
  <system-out/>
  <testcase name="MPTestVerificationWithOnlyProtocolandEdit" time="19.604" classname="com.pcm.qa.testcases.ManagePartnerPageTest"/>
  <system-out/>
  <testcase name="ManagePartnerPageTestWithProtocolandActivitylog" time="18.606" classname="com.pcm.qa.testcases.ManagePartnerPageTest"/>
  <system-out/>
  <testcase name="ManagePartnerPageTestWithProtocolandActivate" time="15.704" classname="com.pcm.qa.testcases.ManagePartnerPageTest"/>
  <system-out/>
  <testcase name="ManagePartnerPageTestWithProtocolandDeactivate" time="15.726" classname="com.pcm.qa.testcases.ManagePartnerPageTest"/>
  <system-out/>
  <testcase name="MPTestVerificationWithPartnerName_PartnerId_Protocol_StatusasInactive" time="19.605" classname="com.pcm.qa.testcases.ManagePartnerPageTest"/>
  <system-out/>
  <testcase name="MPTestVerificationWithPartnerName_PartnerId_Protocol_StatusasInactiveandEdit" time="26.755" classname="com.pcm.qa.testcases.ManagePartnerPageTest"/>
  <system-out/>
  <testcase name="ManagePartnerPageTestWithPartnerName_PartnerId_Protocol_StatusasInactiveandActivitylog" time="25.805" classname="com.pcm.qa.testcases.ManagePartnerPageTest"/>
  <system-out/>
  <testcase name="ManagePartnerPageTestWithPartnerName_PartnerId_Protocol_StatusasInactiveandActivate" time="22.884" classname="com.pcm.qa.testcases.ManagePartnerPageTest"/>
  <system-out/>
  <testcase name="MPTestVerificationWithPartnerName_PartnerId_Protocol_StatusasActive" time="19.529" classname="com.pcm.qa.testcases.ManagePartnerPageTest"/>
  <system-out/>
  <testcase name="MPTestVerificationWithPartnerName_PartnerId_Protocol_StatusasActiveandEdit" time="26.745" classname="com.pcm.qa.testcases.ManagePartnerPageTest"/>
  <system-out/>
  <testcase name="ManagePartnerPageTestWithPartnerName_PartnerId_Protocol_StatusasActiveandActivitylog" time="25.835" classname="com.pcm.qa.testcases.ManagePartnerPageTest"/>
  <system-out/>
  <testcase name="ManagePartnerPageTestWithPartnerName_PartnerId_Protocol_StatusasInactiveandDeactivate" time="22.689" classname="com.pcm.qa.testcases.ManagePartnerPageTest"/>
  <system-out/>
  <testcase name="ManagePartnerPageTestWithProtocolasMailboxandActivate" classname="com.pcm.qa.testcases.ManagePartnerPageTest">
    <skipped/>
  </testcase> <!-- ManagePartnerPageTestWithProtocolasMailboxandActivate -->
  <system-out/>
  <testcase name="ManagePartnerPageTestWithProtocolasFTPSH2PandActivitylog" classname="com.pcm.qa.testcases.ManagePartnerPageTest">
    <skipped/>
  </testcase> <!-- ManagePartnerPageTestWithProtocolasFTPSH2PandActivitylog -->
  <system-out/>
  <testcase name="MPTestVerificationWithProtocolasExistingConnectionandEdit" classname="com.pcm.qa.testcases.ManagePartnerPageTest">
    <skipped/>
  </testcase> <!-- MPTestVerificationWithProtocolasExistingConnectionandEdit -->
  <system-out/>
  <testcase name="ManagePartnerPageTestWithProtocolasFileSystemandDeactivate" classname="com.pcm.qa.testcases.ManagePartnerPageTest">
    <skipped/>
  </testcase> <!-- ManagePartnerPageTestWithProtocolasFileSystemandDeactivate -->
  <system-out/>
  <testcase name="ManagePartnerPageTestWithProtocolasAWSS3andActivate" classname="com.pcm.qa.testcases.ManagePartnerPageTest">
    <skipped/>
  </testcase> <!-- ManagePartnerPageTestWithProtocolasAWSS3andActivate -->
  <system-out/>
  <testcase name="ManagePartnerPageTestWithProtocolasSFTPH2PandActivitylog" classname="com.pcm.qa.testcases.ManagePartnerPageTest">
    <skipped/>
  </testcase> <!-- ManagePartnerPageTestWithProtocolasSFTPH2PandActivitylog -->
  <system-out/>
  <testcase name="MPTestVerificationWithProtocolAsAS2NoandEdit" classname="com.pcm.qa.testcases.ManagePartnerPageTest">
    <skipped/>
  </testcase> <!-- MPTestVerificationWithProtocolAsAS2NoandEdit -->
  <system-out/>
  <testcase name="ManagePartnerPageTestWithProtocolasHTTPandActivitylog" classname="com.pcm.qa.testcases.ManagePartnerPageTest">
    <skipped/>
  </testcase> <!-- ManagePartnerPageTestWithProtocolasHTTPandActivitylog -->
  <system-out/>
  <testcase name="ManagePartnerPageTestWithProtocolasSFTPP2HandDeactivate" classname="com.pcm.qa.testcases.ManagePartnerPageTest">
    <skipped/>
  </testcase> <!-- ManagePartnerPageTestWithProtocolasSFTPP2HandDeactivate -->
  <system-out/>
  <testcase name="ManagePartnerPageTestWithProtocolasSAPandDeactivate" classname="com.pcm.qa.testcases.ManagePartnerPageTest">
    <skipped/>
  </testcase> <!-- ManagePartnerPageTestWithProtocolasSAPandDeactivate -->
  <system-out/>
  <testcase name="ManagePartnerPageTestWithProtocolasFTPP2HandDeactivate" classname="com.pcm.qa.testcases.ManagePartnerPageTest">
    <skipped/>
  </testcase> <!-- ManagePartnerPageTestWithProtocolasFTPP2HandDeactivate -->
  <system-out/>
  <testcase name="MPTestVerificationWithProtocolasFTPH2PandEdit" classname="com.pcm.qa.testcases.ManagePartnerPageTest">
    <skipped/>
  </testcase> <!-- MPTestVerificationWithProtocolasFTPH2PandEdit -->
  <system-out/>
  <testcase name="MPTestVerificationWithProtocolasCDYes" classname="com.pcm.qa.testcases.ManagePartnerPageTest">
    <skipped/>
  </testcase> <!-- MPTestVerificationWithProtocolasCDYes -->
  <system-out/>
  <testcase name="MPTestVerificationWithProtocolasSAP" classname="com.pcm.qa.testcases.ManagePartnerPageTest">
    <skipped/>
  </testcase> <!-- MPTestVerificationWithProtocolasSAP -->
  <system-out/>
  <testcase name="MPTestVerificationWithProtocolasSFTPH2P" classname="com.pcm.qa.testcases.ManagePartnerPageTest">
    <skipped/>
  </testcase> <!-- MPTestVerificationWithProtocolasSFTPH2P -->
  <system-out/>
  <testcase name="MPTestVerificationWithProtocolasSFTPP2H" classname="com.pcm.qa.testcases.ManagePartnerPageTest">
    <skipped/>
  </testcase> <!-- MPTestVerificationWithProtocolasSFTPP2H -->
  <system-out/>
  <testcase name="MPTestVerificationWithProtocolasSFTPH2PandEdit" classname="com.pcm.qa.testcases.ManagePartnerPageTest">
    <skipped/>
  </testcase> <!-- MPTestVerificationWithProtocolasSFTPH2PandEdit -->
  <system-out/>
  <testcase name="ManagePartnerPageTestWithProtocolasMailboxandActivitylog" classname="com.pcm.qa.testcases.ManagePartnerPageTest">
    <skipped/>
  </testcase> <!-- ManagePartnerPageTestWithProtocolasMailboxandActivitylog -->
  <system-out/>
  <testcase name="ManagePartnerPageTestWithProtocolasMQandActivate" classname="com.pcm.qa.testcases.ManagePartnerPageTest">
    <skipped/>
  </testcase> <!-- ManagePartnerPageTestWithProtocolasMQandActivate -->
  <system-out/>
  <testcase name="ManagePartnerPageTestWithProtocolasHTTPSandDeactivate" classname="com.pcm.qa.testcases.ManagePartnerPageTest">
    <skipped/>
  </testcase> <!-- ManagePartnerPageTestWithProtocolasHTTPSandDeactivate -->
  <system-out/>
  <testcase name="ManagePartnerPageTestWithProtocolasCDYesandDeactivate" classname="com.pcm.qa.testcases.ManagePartnerPageTest">
    <skipped/>
  </testcase> <!-- ManagePartnerPageTestWithProtocolasCDYesandDeactivate -->
  <system-out/>
  <testcase name="MPTestVerificationWithProtocolAsAS2YesandEdit" classname="com.pcm.qa.testcases.ManagePartnerPageTest">
    <skipped/>
  </testcase> <!-- MPTestVerificationWithProtocolAsAS2YesandEdit -->
  <system-out/>
  <testcase name="ManagePartnerPageTestWithProtocolasWebServiceandDeactivate" classname="com.pcm.qa.testcases.ManagePartnerPageTest">
    <skipped/>
  </testcase> <!-- ManagePartnerPageTestWithProtocolasWebServiceandDeactivate -->
  <system-out/>
  <testcase name="MPTestVerificationWithProtocolasCDYesandEdit" classname="com.pcm.qa.testcases.ManagePartnerPageTest">
    <skipped/>
  </testcase> <!-- MPTestVerificationWithProtocolasCDYesandEdit -->
  <system-out/>
  <testcase name="ManagePartnerPageTestWithProtocolasCDNoandDeactivate" classname="com.pcm.qa.testcases.ManagePartnerPageTest">
    <skipped/>
  </testcase> <!-- ManagePartnerPageTestWithProtocolasCDNoandDeactivate -->
  <system-out/>
  <testcase name="ManagePartnerPageTestWithProtocolasHTTPSandActivate" classname="com.pcm.qa.testcases.ManagePartnerPageTest">
    <skipped/>
  </testcase> <!-- ManagePartnerPageTestWithProtocolasHTTPSandActivate -->
  <system-out/>
  <testcase name="ManagePartnerPageTestWithProtocolasFTPSH2PandActivate" classname="com.pcm.qa.testcases.ManagePartnerPageTest">
    <skipped/>
  </testcase> <!-- ManagePartnerPageTestWithProtocolasFTPSH2PandActivate -->
  <system-out/>
  <testcase name="ManagePartnerPageTestWithResetSearch" classname="com.pcm.qa.testcases.ManagePartnerPageTest">
    <skipped/>
  </testcase> <!-- ManagePartnerPageTestWithResetSearch -->
  <system-out/>
  <testcase name="ManagePartnerPageTestWithProtocolasExistingConnectionandActivate" classname="com.pcm.qa.testcases.ManagePartnerPageTest">
    <skipped/>
  </testcase> <!-- ManagePartnerPageTestWithProtocolasExistingConnectionandActivate -->
  <system-out/>
  <testcase name="ManagePartnerPageTestWithProtocolasMailboxandDeactivate" classname="com.pcm.qa.testcases.ManagePartnerPageTest">
    <skipped/>
  </testcase> <!-- ManagePartnerPageTestWithProtocolasMailboxandDeactivate -->
  <system-out/>
  <testcase name="MPTestVerificationWithProtocolasAWSS3" classname="com.pcm.qa.testcases.ManagePartnerPageTest">
    <skipped/>
  </testcase> <!-- MPTestVerificationWithProtocolasAWSS3 -->
  <system-out/>
  <testcase name="ManagePartnerPageTestWithProtocolasExistingConnectionandDeactivate" classname="com.pcm.qa.testcases.ManagePartnerPageTest">
    <skipped/>
  </testcase> <!-- ManagePartnerPageTestWithProtocolasExistingConnectionandDeactivate -->
  <system-out/>
  <testcase name="MPTestVerificationWithProtocolasHTTP" classname="com.pcm.qa.testcases.ManagePartnerPageTest">
    <skipped/>
  </testcase> <!-- MPTestVerificationWithProtocolasHTTP -->
  <system-out/>
  <testcase name="MPTestVerificationWithProtocolasFileSystem" classname="com.pcm.qa.testcases.ManagePartnerPageTest">
    <skipped/>
  </testcase> <!-- MPTestVerificationWithProtocolasFileSystem -->
  <system-out/>
  <testcase name="ManagePartnerPageTestWithProtocolAsAS2NoandActivate" classname="com.pcm.qa.testcases.ManagePartnerPageTest">
    <skipped/>
  </testcase> <!-- ManagePartnerPageTestWithProtocolAsAS2NoandActivate -->
  <system-out/>
  <testcase name="ManagePartnerPageTestWithProtocolasCDYesandActivitylog" classname="com.pcm.qa.testcases.ManagePartnerPageTest">
    <skipped/>
  </testcase> <!-- ManagePartnerPageTestWithProtocolasCDYesandActivitylog -->
  <system-out/>
  <testcase name="ManagePartnerPageTestWithProtocolasSFTPP2HandActivitylog" classname="com.pcm.qa.testcases.ManagePartnerPageTest">
    <skipped/>
  </testcase> <!-- ManagePartnerPageTestWithProtocolasSFTPP2HandActivitylog -->
  <system-out/>
  <testcase name="ManagePartnerPageTestWithProtocolasSFTPH2PandActivate" classname="com.pcm.qa.testcases.ManagePartnerPageTest">
    <skipped/>
  </testcase> <!-- ManagePartnerPageTestWithProtocolasSFTPH2PandActivate -->
  <system-out/>
  <testcase name="ManagePartnerPageTestWithProtocolasHTTPandDeactivate" classname="com.pcm.qa.testcases.ManagePartnerPageTest">
    <skipped/>
  </testcase> <!-- ManagePartnerPageTestWithProtocolasHTTPandDeactivate -->
  <system-out/>
  <testcase name="MPTestVerificationWithProtocolasWebService" classname="com.pcm.qa.testcases.ManagePartnerPageTest">
    <skipped/>
  </testcase> <!-- MPTestVerificationWithProtocolasWebService -->
  <system-out/>
  <testcase name="MPTestVerificationWithProtocolasSAPandEdit" classname="com.pcm.qa.testcases.ManagePartnerPageTest">
    <skipped/>
  </testcase> <!-- MPTestVerificationWithProtocolasSAPandEdit -->
  <system-out/>
  <testcase name="ManagePartnerPageTestWithProtocolasHTTPSandActivitylog" classname="com.pcm.qa.testcases.ManagePartnerPageTest">
    <skipped/>
  </testcase> <!-- ManagePartnerPageTestWithProtocolasHTTPSandActivitylog -->
  <system-out/>
  <testcase name="MPTestVerificationWithProtocolasHTTPSandEdit" classname="com.pcm.qa.testcases.ManagePartnerPageTest">
    <skipped/>
  </testcase> <!-- MPTestVerificationWithProtocolasHTTPSandEdit -->
  <system-out/>
  <testcase name="ManagePartnerPageTestWithProtocolasMQandActivitylog" classname="com.pcm.qa.testcases.ManagePartnerPageTest">
    <skipped/>
  </testcase> <!-- ManagePartnerPageTestWithProtocolasMQandActivitylog -->
  <system-out/>
  <testcase name="ManagePartnerPageTestWithProtocolasFTPSH2PandDeactivate" classname="com.pcm.qa.testcases.ManagePartnerPageTest">
    <skipped/>
  </testcase> <!-- ManagePartnerPageTestWithProtocolasFTPSH2PandDeactivate -->
  <system-out/>
  <testcase name="MPTestVerificationWithProtocolasAWSS3andEdit" classname="com.pcm.qa.testcases.ManagePartnerPageTest">
    <skipped/>
  </testcase> <!-- MPTestVerificationWithProtocolasAWSS3andEdit -->
  <system-out/>
  <testcase name="ManagePartnerPageTestWithProtocolasCDNoandActivate" classname="com.pcm.qa.testcases.ManagePartnerPageTest">
    <skipped/>
  </testcase> <!-- ManagePartnerPageTestWithProtocolasCDNoandActivate -->
  <system-out/>
  <testcase name="ManagePartnerPageTestWithProtocolAsAS2YesandActivitylog" classname="com.pcm.qa.testcases.ManagePartnerPageTest">
    <skipped/>
  </testcase> <!-- ManagePartnerPageTestWithProtocolAsAS2YesandActivitylog -->
  <system-out/>
  <testcase name="ManagePartnerPageTestWithProtocolasFileSystemandActivate" classname="com.pcm.qa.testcases.ManagePartnerPageTest">
    <skipped/>
  </testcase> <!-- ManagePartnerPageTestWithProtocolasFileSystemandActivate -->
  <system-out/>
  <testcase name="ManagePartnerPageTestWithProtocolAsAS2NoandActivitylog" classname="com.pcm.qa.testcases.ManagePartnerPageTest">
    <skipped/>
  </testcase> <!-- ManagePartnerPageTestWithProtocolAsAS2NoandActivitylog -->
  <system-out/>
  <testcase name="ManagePartnerPageTestWithProtocolasSFTPH2PandDeactivate" classname="com.pcm.qa.testcases.ManagePartnerPageTest">
    <skipped/>
  </testcase> <!-- ManagePartnerPageTestWithProtocolasSFTPH2PandDeactivate -->
  <system-out/>
  <testcase name="ManagePartnerPageTestWithProtocolasFTPH2PandActivitylog" classname="com.pcm.qa.testcases.ManagePartnerPageTest">
    <skipped/>
  </testcase> <!-- ManagePartnerPageTestWithProtocolasFTPH2PandActivitylog -->
  <system-out/>
  <testcase name="ManagePartnerPageTestWithProtocolasWebServiceandActivate" classname="com.pcm.qa.testcases.ManagePartnerPageTest">
    <skipped/>
  </testcase> <!-- ManagePartnerPageTestWithProtocolasWebServiceandActivate -->
  <system-out/>
  <testcase name="ManagePartnerPageTestWithProtocolasFTPH2PandDeactivate" classname="com.pcm.qa.testcases.ManagePartnerPageTest">
    <skipped/>
  </testcase> <!-- ManagePartnerPageTestWithProtocolasFTPH2PandDeactivate -->
  <system-out/>
  <testcase name="MPTestVerificationWithProtocolasHTTPandEdit" classname="com.pcm.qa.testcases.ManagePartnerPageTest">
    <skipped/>
  </testcase> <!-- MPTestVerificationWithProtocolasHTTPandEdit -->
  <system-out/>
  <testcase name="ManagePartnerPageTestWithProtocolAsAS2YesandActivate" classname="com.pcm.qa.testcases.ManagePartnerPageTest">
    <skipped/>
  </testcase> <!-- ManagePartnerPageTestWithProtocolAsAS2YesandActivate -->
  <system-out/>
  <testcase name="ManagePartnerPageTestWithoutDataActivate" classname="com.pcm.qa.testcases.ManagePartnerPageTest">
    <skipped/>
  </testcase> <!-- ManagePartnerPageTestWithoutDataActivate -->
  <system-out/>
  <testcase name="ManagePartnerPageTestWithProtocolAsAS2NoandDeactivate" classname="com.pcm.qa.testcases.ManagePartnerPageTest">
    <skipped/>
  </testcase> <!-- ManagePartnerPageTestWithProtocolAsAS2NoandDeactivate -->
  <system-out/>
  <testcase name="MPTestVerificationWithProtocolasMailboxandEdit" classname="com.pcm.qa.testcases.ManagePartnerPageTest">
    <skipped/>
  </testcase> <!-- MPTestVerificationWithProtocolasMailboxandEdit -->
  <system-out/>
  <testcase name="ManagePartnerPageTestWithProtocolasCDYesandActivate" classname="com.pcm.qa.testcases.ManagePartnerPageTest">
    <skipped/>
  </testcase> <!-- ManagePartnerPageTestWithProtocolasCDYesandActivate -->
  <system-out/>
  <testcase name="ManagePartnerPageTestWithProtocolasFTPP2HandActivate" classname="com.pcm.qa.testcases.ManagePartnerPageTest">
    <skipped/>
  </testcase> <!-- ManagePartnerPageTestWithProtocolasFTPP2HandActivate -->
  <system-out/>
  <testcase name="MPTestVerificationWithProtocolasMQandEdit" classname="com.pcm.qa.testcases.ManagePartnerPageTest">
    <skipped/>
  </testcase> <!-- MPTestVerificationWithProtocolasMQandEdit -->
  <system-out/>
  <testcase name="ManagePartnerPageTestWithProtocolasSAPandActivate" classname="com.pcm.qa.testcases.ManagePartnerPageTest">
    <skipped/>
  </testcase> <!-- ManagePartnerPageTestWithProtocolasSAPandActivate -->
  <system-out/>
  <testcase name="ManagePartnerPageTestWithProtocolasFTPSP2HandActivate" classname="com.pcm.qa.testcases.ManagePartnerPageTest">
    <skipped/>
  </testcase> <!-- ManagePartnerPageTestWithProtocolasFTPSP2HandActivate -->
  <system-out/>
  <testcase name="ManagePartnerPageTestWithProtocolasFTPSP2HandDeactivate" classname="com.pcm.qa.testcases.ManagePartnerPageTest">
    <skipped/>
  </testcase> <!-- ManagePartnerPageTestWithProtocolasFTPSP2HandDeactivate -->
  <system-out/>
  <testcase name="ManagePartnerPageTestWithValidDataDelete" classname="com.pcm.qa.testcases.ManagePartnerPageTest">
    <skipped/>
  </testcase> <!-- ManagePartnerPageTestWithValidDataDelete -->
  <system-out/>
  <testcase name="MPTestVerificationWithProtocolasWebServiceandEdit" classname="com.pcm.qa.testcases.ManagePartnerPageTest">
    <skipped/>
  </testcase> <!-- MPTestVerificationWithProtocolasWebServiceandEdit -->
  <system-out/>
  <testcase name="MPTestVerificationWithProtocolasMailbox" classname="com.pcm.qa.testcases.ManagePartnerPageTest">
    <skipped/>
  </testcase> <!-- MPTestVerificationWithProtocolasMailbox -->
  <system-out/>
  <testcase name="MPTestVerificationWithProtocolasFTPSP2H" classname="com.pcm.qa.testcases.ManagePartnerPageTest">
    <skipped/>
  </testcase> <!-- MPTestVerificationWithProtocolasFTPSP2H -->
  <system-out/>
  <testcase name="MPTestVerificationWithProtocolasFTPSH2P" classname="com.pcm.qa.testcases.ManagePartnerPageTest">
    <skipped/>
  </testcase> <!-- MPTestVerificationWithProtocolasFTPSH2P -->
  <system-out/>
  <testcase name="MPTestVerificationWithProtocolasFTPH2P" classname="com.pcm.qa.testcases.ManagePartnerPageTest">
    <skipped/>
  </testcase> <!-- MPTestVerificationWithProtocolasFTPH2P -->
  <system-out/>
  <testcase name="MPTestVerificationWithProtocolasFTPP2H" classname="com.pcm.qa.testcases.ManagePartnerPageTest">
    <skipped/>
  </testcase> <!-- MPTestVerificationWithProtocolasFTPP2H -->
  <system-out/>
  <testcase name="ManagePartnerPageTestWithProtocolasFTPSP2HandActivitylog" classname="com.pcm.qa.testcases.ManagePartnerPageTest">
    <skipped/>
  </testcase> <!-- ManagePartnerPageTestWithProtocolasFTPSP2HandActivitylog -->
  <system-out/>
  <testcase name="MPTestVerificationWithProtocolasFTPSP2HandEdit" classname="com.pcm.qa.testcases.ManagePartnerPageTest">
    <skipped/>
  </testcase> <!-- MPTestVerificationWithProtocolasFTPSP2HandEdit -->
  <system-out/>
  <testcase name="ManagePartnerPageTestWithProtocolasWebServiceandActivitylog" classname="com.pcm.qa.testcases.ManagePartnerPageTest">
    <skipped/>
  </testcase> <!-- ManagePartnerPageTestWithProtocolasWebServiceandActivitylog -->
  <system-out/>
  <testcase name="ManagePartnerPageTestWithProtocolasFTPH2PandActivate" classname="com.pcm.qa.testcases.ManagePartnerPageTest">
    <skipped/>
  </testcase> <!-- ManagePartnerPageTestWithProtocolasFTPH2PandActivate -->
  <system-out/>
  <testcase name="MPTestVerificationWithProtocolAsAS2Yes" classname="com.pcm.qa.testcases.ManagePartnerPageTest">
    <skipped/>
  </testcase> <!-- MPTestVerificationWithProtocolAsAS2Yes -->
  <system-out/>
  <testcase name="ManagePartnerPageTestWithProtocolasAWSS3andDeactivate" classname="com.pcm.qa.testcases.ManagePartnerPageTest">
    <skipped/>
  </testcase> <!-- ManagePartnerPageTestWithProtocolasAWSS3andDeactivate -->
  <system-out/>
  <testcase name="MPTestVerificationWithProtocolAsAS2No" classname="com.pcm.qa.testcases.ManagePartnerPageTest">
    <skipped/>
  </testcase> <!-- MPTestVerificationWithProtocolAsAS2No -->
  <system-out/>
  <testcase name="ManagePartnerPageTestWithProtocolasSFTPP2HandActivate" classname="com.pcm.qa.testcases.ManagePartnerPageTest">
    <skipped/>
  </testcase> <!-- ManagePartnerPageTestWithProtocolasSFTPP2HandActivate -->
  <system-out/>
  <testcase name="ManagePartnerPageTestWithProtocolasFileSystemandActivitylog" classname="com.pcm.qa.testcases.ManagePartnerPageTest">
    <skipped/>
  </testcase> <!-- ManagePartnerPageTestWithProtocolasFileSystemandActivitylog -->
  <system-out/>
  <testcase name="MPTestVerificationWithProtocolasCDNo" classname="com.pcm.qa.testcases.ManagePartnerPageTest">
    <skipped/>
  </testcase> <!-- MPTestVerificationWithProtocolasCDNo -->
  <system-out/>
  <testcase name="MPTestVerificationWithProtocolasMQ" classname="com.pcm.qa.testcases.ManagePartnerPageTest">
    <skipped/>
  </testcase> <!-- MPTestVerificationWithProtocolasMQ -->
  <system-out/>
  <testcase name="MPTestVerificationWithProtocolasFileSystemandEdit" classname="com.pcm.qa.testcases.ManagePartnerPageTest">
    <skipped/>
  </testcase> <!-- MPTestVerificationWithProtocolasFileSystemandEdit -->
  <system-out/>
  <testcase name="ManagePartnerPageTestWithProtocolasSAPandActivitylog" classname="com.pcm.qa.testcases.ManagePartnerPageTest">
    <skipped/>
  </testcase> <!-- ManagePartnerPageTestWithProtocolasSAPandActivitylog -->
  <system-out/>
  <testcase name="ManagePartnerPageTestWithProtocolasCDNoandActivitylog" classname="com.pcm.qa.testcases.ManagePartnerPageTest">
    <skipped/>
  </testcase> <!-- ManagePartnerPageTestWithProtocolasCDNoandActivitylog -->
  <system-out/>
  <testcase name="ManagePartnerPageTestWithProtocolasExistingConnectionandActivitylog" classname="com.pcm.qa.testcases.ManagePartnerPageTest">
    <skipped/>
  </testcase> <!-- ManagePartnerPageTestWithProtocolasExistingConnectionandActivitylog -->
  <system-out/>
  <testcase name="ManagePartnerPageTestWithProtocolasAWSS3andActivitylog" classname="com.pcm.qa.testcases.ManagePartnerPageTest">
    <skipped/>
  </testcase> <!-- ManagePartnerPageTestWithProtocolasAWSS3andActivitylog -->
  <system-out/>
  <testcase name="MPTestVerificationWithProtocolasExistingConnection" classname="com.pcm.qa.testcases.ManagePartnerPageTest">
    <skipped/>
  </testcase> <!-- MPTestVerificationWithProtocolasExistingConnection -->
  <system-out/>
  <testcase name="MPTestVerificationWithProtocolasCDNoandEdit" classname="com.pcm.qa.testcases.ManagePartnerPageTest">
    <skipped/>
  </testcase> <!-- MPTestVerificationWithProtocolasCDNoandEdit -->
  <system-out/>
  <testcase name="MPTestVerificationWithProtocolasHTTPS" classname="com.pcm.qa.testcases.ManagePartnerPageTest">
    <skipped/>
  </testcase> <!-- MPTestVerificationWithProtocolasHTTPS -->
  <system-out/>
  <testcase name="ManagePartnerPageTestWithProtocolasFTPP2HandActivitylog" classname="com.pcm.qa.testcases.ManagePartnerPageTest">
    <skipped/>
  </testcase> <!-- ManagePartnerPageTestWithProtocolasFTPP2HandActivitylog -->
  <system-out/>
  <testcase name="ManagePartnerPageTestWithProtocolasHTTPandActivate" classname="com.pcm.qa.testcases.ManagePartnerPageTest">
    <skipped/>
  </testcase> <!-- ManagePartnerPageTestWithProtocolasHTTPandActivate -->
  <system-out/>
  <testcase name="MPTestVerificationWithProtocolasFTPP2HandEdit" classname="com.pcm.qa.testcases.ManagePartnerPageTest">
    <skipped/>
  </testcase> <!-- MPTestVerificationWithProtocolasFTPP2HandEdit -->
  <system-out/>
  <testcase name="ManagePartnerPageTestWithProtocolasMQandDeactivate" classname="com.pcm.qa.testcases.ManagePartnerPageTest">
    <skipped/>
  </testcase> <!-- ManagePartnerPageTestWithProtocolasMQandDeactivate -->
  <system-out/>
  <testcase name="MPTestVerificationWithProtocolasSFTPP2HandEdit" classname="com.pcm.qa.testcases.ManagePartnerPageTest">
    <skipped/>
  </testcase> <!-- MPTestVerificationWithProtocolasSFTPP2HandEdit -->
  <system-out/>
  <testcase name="MPTestVerificationWithProtocolasFTPSH2PandEdit" classname="com.pcm.qa.testcases.ManagePartnerPageTest">
    <skipped/>
  </testcase> <!-- MPTestVerificationWithProtocolasFTPSH2PandEdit -->
  <system-out/>
  <testcase name="ManagePartnerPageTestWithProtocolAsAS2YesandDeactivate" classname="com.pcm.qa.testcases.ManagePartnerPageTest">
    <skipped/>
  </testcase> <!-- ManagePartnerPageTestWithProtocolAsAS2YesandDeactivate -->
  <system-out/>
</testsuite> <!-- com.pcm.qa.testcases.ManagePartnerPageTest -->
