<?xml version="1.0" encoding="UTF-8"?>
<!-- Generated by org.testng.reporters.JUnitReportReporter -->
<testsuite skipped="0" hostname="PavanKalyan" name="com.pcm.qa.testcases.VolbyPartnersPageTest" tests="5" failures="0" timestamp="2022-02-23T21:37:53 IST" time="42.471" errors="0">
  <testcase name="BParentNodeCreation" time="0.005" classname="com.pcm.qa.testcases.VolbyPartnersPageTest"/>
  <system-out/>
  <testcase name="AvolbyPartnersPageTitleTest" time="8.233" classname="com.pcm.qa.testcases.VolbyPartnersPageTest"/>
  <system-out/>
  <testcase name="BValidateTransVolReportPageSearchErrorResultsVerification" time="8.693" classname="com.pcm.qa.testcases.VolbyPartnersPageTest"/>
  <system-out/>
  <testcase name="AValidateTransVolReportPageSearchResultsVerification" time="12.847" classname="com.pcm.qa.testcases.VolbyPartnersPageTest"/>
  <system-out/>
  <testcase name="BValidateTransVolReportPageSearchResultsVerificationWithInvalidFormat" time="12.693" classname="com.pcm.qa.testcases.VolbyPartnersPageTest"/>
  <system-out/>
</testsuite> <!-- com.pcm.qa.testcases.VolbyPartnersPageTest -->
