<?xml version="1.0" encoding="UTF-8"?>
<!-- Generated by org.testng.reporters.JUnitReportReporter -->
<testsuite skipped="0" hostname="PavanKalyan" name="com.pcm.qa.testcases.CreateRulePageTest" tests="9" failures="0" timestamp="2022-02-24T18:47:08 IST" time="102.997" errors="0">
  <testcase name="ParentNodeCreation" time="0.016" classname="com.pcm.qa.testcases.CreateRulePageTest"/>
  <system-out/>
  <testcase name="CreateRulePageTitleTest" time="8.265" classname="com.pcm.qa.testcases.CreateRulePageTest"/>
  <system-out/>
  <testcase name="CRTestVerificationWithValidData" time="13.585" classname="com.pcm.qa.testcases.CreateRulePageTest"/>
  <system-out/>
  <testcase name="CRTestVerificationWithOnlyMadatoryFields" time="16.073" classname="com.pcm.qa.testcases.CreateRulePageTest"/>
  <system-out/>
  <testcase name="CRTestVerificationWithOnlyRuleName" time="9.272" classname="com.pcm.qa.testcases.CreateRulePageTest"/>
  <system-out/>
  <testcase name="CRTestVerificationWithOnlyBusinessProcess" time="12.939" classname="com.pcm.qa.testcases.CreateRulePageTest"/>
  <system-out/>
  <testcase name="CRTestVerificationWithExistedRuleName" time="14.635" classname="com.pcm.qa.testcases.CreateRulePageTest"/>
  <system-out/>
  <testcase name="CreatingRuleforManage" time="16.329" classname="com.pcm.qa.testcases.CreateRulePageTest"/>
  <system-out/>
  <testcase name="CRPTestVerificationWithCancelbutton" time="11.883" classname="com.pcm.qa.testcases.CreateRulePageTest"/>
  <system-out/>
</testsuite> <!-- com.pcm.qa.testcases.CreateRulePageTest -->
