<?xml version="1.0" encoding="UTF-8"?>
<!-- Generated by org.testng.reporters.JUnitReportReporter -->
<testsuite skipped="0" hostname="PavanKalyan" name="com.pcm.qa.testcases.DataFlowPageTest" tests="22" failures="0" timestamp="2022-02-23T21:37:53 IST" time="324.927" errors="0">
  <testcase name="ParentNodeCreation" time="0.020" classname="com.pcm.qa.testcases.DataFlowPageTest"/>
  <system-out/>
  <testcase name="DataFlowTitleTest" time="8.269" classname="com.pcm.qa.testcases.DataFlowPageTest"/>
  <system-out/>
  <testcase name="DataFlowSearchTestWithPartnername" time="16.095" classname="com.pcm.qa.testcases.DataFlowPageTest"/>
  <system-out/>
  <testcase name="DataFlowSearchTestWithApplicationName" time="14.926" classname="com.pcm.qa.testcases.DataFlowPageTest"/>
  <system-out/>
  <testcase name="DataFlowSearchTestWithSEQType" time="10.728" classname="com.pcm.qa.testcases.DataFlowPageTest"/>
  <system-out/>
  <testcase name="DataFlowSearchTestWithFlow" time="10.657" classname="com.pcm.qa.testcases.DataFlowPageTest"/>
  <system-out/>
  <testcase name="DataFlowSearchTestWithTransaction" time="7.460" classname="com.pcm.qa.testcases.DataFlowPageTest"/>
  <system-out/>
  <testcase name="DataFlowSearchTestWithDOCType" time="7.484" classname="com.pcm.qa.testcases.DataFlowPageTest"/>
  <system-out/>
  <testcase name="DataFlowSearchTestWithSenderID" time="14.732" classname="com.pcm.qa.testcases.DataFlowPageTest"/>
  <system-out/>
  <testcase name="DataFlowSearchTestWithReciverID" time="14.708" classname="com.pcm.qa.testcases.DataFlowPageTest"/>
  <system-out/>
  <testcase name="DataFlowSearchTestWithRuleName" time="7.468" classname="com.pcm.qa.testcases.DataFlowPageTest"/>
  <system-out/>
  <testcase name="DataFlowSearchTestWithRuleValue" time="7.550" classname="com.pcm.qa.testcases.DataFlowPageTest"/>
  <system-out/>
  <testcase name="DataFlowSearchTestWithFilename" time="14.826" classname="com.pcm.qa.testcases.DataFlowPageTest"/>
  <system-out/>
  <testcase name="DataFlowSearchTestWithValidData" time="19.981" classname="com.pcm.qa.testcases.DataFlowPageTest"/>
  <system-out/>
  <testcase name="DataFlowSearchTestWithExportAllWorkFlows" time="23.513" classname="com.pcm.qa.testcases.DataFlowPageTest"/>
  <system-out/>
  <testcase name="DataFlowSearchTestWithInvalidData" time="19.519" classname="com.pcm.qa.testcases.DataFlowPageTest"/>
  <system-out/>
  <testcase name="DataFlowSearchTestWithAdvanceSearch" time="7.231" classname="com.pcm.qa.testcases.DataFlowPageTest"/>
  <system-out/>
  <testcase name="DataFlowAdvanceSearchwithRuleName" time="19.080" classname="com.pcm.qa.testcases.DataFlowPageTest"/>
  <system-out/>
  <testcase name="DataFlowAdvanceSearchwithRPname_RPvalue" time="21.759" classname="com.pcm.qa.testcases.DataFlowPageTest"/>
  <system-out/>
  <testcase name="DataFlowAdvanceSearchwithmorethanrule" time="30.494" classname="com.pcm.qa.testcases.DataFlowPageTest"/>
  <system-out/>
  <testcase name="DataFlowAdvanceSearchwithdeletingrule" time="34.200" classname="com.pcm.qa.testcases.DataFlowPageTest"/>
  <system-out/>
  <testcase name="DataFlowSearchTestWithResetSearch" time="14.227" classname="com.pcm.qa.testcases.DataFlowPageTest"/>
  <system-out/>
</testsuite> <!-- com.pcm.qa.testcases.DataFlowPageTest -->
