<?xml version="1.0" encoding="UTF-8"?>
<!-- Generated by org.testng.reporters.JUnitReportReporter -->
<testsuite hostname="PavanKalyan" failures="0" tests="7" name="com.pcm.qa.testcases.P2H_SI_AutomationTest" time="345.598" errors="0" timestamp="2021-11-04T17:26:05 IST" skipped="0">
  <testcase classname="com.pcm.qa.testcases.P2H_SI_AutomationTest" name="ParentNodeCreation" time="0.020"/>
  <system-out/>
  <testcase classname="com.pcm.qa.testcases.P2H_SI_AutomationTest" name="SFTP_P2H" time="88.883"/>
  <system-out/>
  <testcase classname="com.pcm.qa.testcases.P2H_SI_AutomationTest" name="Delete_SFTP_P2H" time="39.990"/>
  <system-out/>
  <testcase classname="com.pcm.qa.testcases.P2H_SI_AutomationTest" name="FTP_P2H" time="70.057"/>
  <system-out/>
  <testcase classname="com.pcm.qa.testcases.P2H_SI_AutomationTest" name="Delete_FTP_P2H" time="39.739"/>
  <system-out/>
  <testcase classname="com.pcm.qa.testcases.P2H_SI_AutomationTest" name="FTPS_P2H" time="67.143"/>
  <system-out/>
  <testcase classname="com.pcm.qa.testcases.P2H_SI_AutomationTest" name="Delete_FTPS_P2H" time="39.766"/>
  <system-out/>
</testsuite> <!-- com.pcm.qa.testcases.P2H_SI_AutomationTest -->
