<?xml version="1.0" encoding="UTF-8"?>
<!-- Generated by org.testng.reporters.JUnitReportReporter -->
<testsuite skipped="0" hostname="PavanKalyan" name="com.pcm.qa.testcases.ManageGroupPageTest" tests="9" failures="0" timestamp="2022-02-24T16:04:56 IST" time="95.222" errors="0">
  <testcase name="ParentNodeCreation" time="0.054" classname="com.pcm.qa.testcases.ManageGroupPageTest"/>
  <system-out/>
  <testcase name="validationOfManageGroupPageTitle" time="7.439" classname="com.pcm.qa.testcases.ManageGroupPageTest"/>
  <system-out/>
  <testcase name="ValidationOfManageGroupPageWithValidData" time="2.656" classname="com.pcm.qa.testcases.ManageGroupPageTest"/>
  <system-out/>
  <testcase name="ValidationOfManageGroupPageWithValidDataAndEditGroupWithMoveselect" time="17.731" classname="com.pcm.qa.testcases.ManageGroupPageTest"/>
  <system-out/>
  <testcase name="ValidationOfManageGroupPageWithValidDataAndEditGroupWithRemoveselect" time="22.569" classname="com.pcm.qa.testcases.ManageGroupPageTest"/>
  <system-out/>
  <testcase name="ValidationOfManageGroupPageWithValidDataAndDeleteGroup" time="12.854" classname="com.pcm.qa.testcases.ManageGroupPageTest"/>
  <system-out/>
  <testcase name="ValidationOfManageGroupPageWithInvalidData" time="6.372" classname="com.pcm.qa.testcases.ManageGroupPageTest"/>
  <system-out/>
  <testcase name="ValidationOfManageGroupPageWithResetSearch" time="8.277" classname="com.pcm.qa.testcases.ManageGroupPageTest"/>
  <system-out/>
  <testcase name="ValidationOfManageGroupPageWithCancelButton" time="17.270" classname="com.pcm.qa.testcases.ManageGroupPageTest"/>
  <system-out/>
</testsuite> <!-- com.pcm.qa.testcases.ManageGroupPageTest -->
