<?xml version="1.0" encoding="UTF-8"?>
<!-- Generated by org.testng.reporters.JUnitReportReporter -->
<testsuite skipped="0" hostname="PE-LT-076" name="com.pcm.qa.testcases.EndpointFlowPageTest" tests="25" failures="0" timestamp="2022-05-10T17:40:43 IST" time="830.296" errors="0">
  <testcase name="ParentNodeCreation" time="0.019" classname="com.pcm.qa.testcases.EndpointFlowPageTest"/>
  <system-out/>
  <testcase name="EndPointFlowPageTitleTest" time="6.325" classname="com.pcm.qa.testcases.EndpointFlowPageTest"/>
  <system-out/>
  <testcase name="AddSetUpFlowVerification" time="22.749" classname="com.pcm.qa.testcases.EndpointFlowPageTest"/>
  <system-out/>
  <testcase name="EndpointFlowPageSetupwithoutdata" time="20.551" classname="com.pcm.qa.testcases.EndpointFlowPageTest"/>
  <system-out/>
  <testcase name="EndpointFlowSearchTestWithResetSearch" time="15.817" classname="com.pcm.qa.testcases.EndpointFlowPageTest"/>
  <system-out/>
  <testcase name="AddSetUpFlowVerificationWithValidData" time="22.067" classname="com.pcm.qa.testcases.EndpointFlowPageTest"/>
  <system-out/>
  <testcase name="EndpointFlowPageSetupwithoutMandatoryFields" time="33.391" classname="com.pcm.qa.testcases.EndpointFlowPageTest"/>
  <system-out/>
  <testcase name="EndpointFlowPageSetupwithMandatoryFields" time="30.337" classname="com.pcm.qa.testcases.EndpointFlowPageTest"/>
  <system-out/>
  <testcase name="EndpointVerificationByAddingRules" time="44.934" classname="com.pcm.qa.testcases.EndpointFlowPageTest"/>
  <system-out/>
  <testcase name="EndpointVerificationByEditingRules" time="39.942" classname="com.pcm.qa.testcases.EndpointFlowPageTest"/>
  <system-out/>
  <testcase name="EndpointVerificationByDeletingRules" time="41.891" classname="com.pcm.qa.testcases.EndpointFlowPageTest"/>
  <system-out/>
  <testcase name="EndpointVerificationWithoutRules" time="23.757" classname="com.pcm.qa.testcases.EndpointFlowPageTest"/>
  <system-out/>
  <testcase name="EndpointflowVerificationWithMorethanOneRules" time="50.779" classname="com.pcm.qa.testcases.EndpointFlowPageTest"/>
  <system-out/>
  <testcase name="EndpointFLowVerificationWithEditRule" time="60.785" classname="com.pcm.qa.testcases.EndpointFlowPageTest"/>
  <system-out/>
  <testcase name="EndpointFlowVerificationWithMoveUp" time="48.751" classname="com.pcm.qa.testcases.EndpointFlowPageTest"/>
  <system-out/>
  <testcase name="EndpointFlowVerificationWithMoveDown" time="48.517" classname="com.pcm.qa.testcases.EndpointFlowPageTest"/>
  <system-out/>
  <testcase name="EndpointFlowVerificationWithRuleRemove" time="48.783" classname="com.pcm.qa.testcases.EndpointFlowPageTest"/>
  <system-out/>
  <testcase name="EndpointFlowVerificationWithExistedFlow" time="21.229" classname="com.pcm.qa.testcases.EndpointFlowPageTest"/>
  <system-out/>
  <testcase name="EndpointVerificationByAddingRulestoexistedflow" time="25.586" classname="com.pcm.qa.testcases.EndpointFlowPageTest"/>
  <system-out/>
  <testcase name="EndpointFLowVerificationWithExistedEditRule" time="60.712" classname="com.pcm.qa.testcases.EndpointFlowPageTest"/>
  <system-out/>
  <testcase name="EndpointFlowVerificationWithRuleRemoveforExisted" time="48.511" classname="com.pcm.qa.testcases.EndpointFlowPageTest"/>
  <system-out/>
  <testcase name="EndpointVerificationByEditingForExisted" time="36.972" classname="com.pcm.qa.testcases.EndpointFlowPageTest"/>
  <system-out/>
  <testcase name="EndpointVerificationByDeletingRulesForExistedFlow" time="41.929" classname="com.pcm.qa.testcases.EndpointFlowPageTest"/>
  <system-out/>
  <testcase name="EndpointFlowSearchTestWithResetSearchForExistedFlow" time="16.751" classname="com.pcm.qa.testcases.EndpointFlowPageTest"/>
  <system-out/>
  <testcase name="AddSetUpFlowVerificationWithDuplicateMethodName" time="19.211" classname="com.pcm.qa.testcases.EndpointFlowPageTest"/>
  <system-out/>
</testsuite> <!-- com.pcm.qa.testcases.EndpointFlowPageTest -->
