<?xml version="1.0" encoding="UTF-8"?>
<!-- Generated by org.testng.reporters.JUnitReportReporter -->
<testsuite skipped="0" hostname="PavanKalyan" name="com.pcm.qa.testcases.CreateApplicationPageTest" tests="29" failures="0" timestamp="2022-03-08T19:54:40 IST" time="238.072" errors="0">
  <testcase name="ParentNodeCreation" time="0.017" classname="com.pcm.qa.testcases.CreateApplicationPageTest"/>
  <system-out/>
  <testcase name="CreateApplicationPageTitleTest" time="7.256" classname="com.pcm.qa.testcases.CreateApplicationPageTest"/>
  <system-out/>
  <testcase name="ProtocolTestVerification" time="7.177" classname="com.pcm.qa.testcases.CreateApplicationPageTest"/>
  <system-out/>
  <testcase name="AS2YTestVerificationWithValidData" time="39.673" classname="com.pcm.qa.testcases.CreateApplicationPageTest"/>
  <system-out/>
  <testcase name="AS2NTestVerificationWithValidData" time="68.214" classname="com.pcm.qa.testcases.CreateApplicationPageTest"/>
  <system-out/>
  <testcase name="ValidateAWS_S3WithValidData" time="3.435" classname="com.pcm.qa.testcases.CreateApplicationPageTest"/>
  <system-out/>
  <testcase name="B2biCD_Y_EnableTestVerificationWithValidData" time="3.446" classname="com.pcm.qa.testcases.CreateApplicationPageTest"/>
  <system-out/>
  <testcase name="B2biCD_Y_DisableTestVerificationWithValidData" time="3.368" classname="com.pcm.qa.testcases.CreateApplicationPageTest"/>
  <system-out/>
  <testcase name="B2biCD_N_EnableTestVerificationWithValidData" time="1.398" classname="com.pcm.qa.testcases.CreateApplicationPageTest"/>
  <system-out/>
  <testcase name="B2biCD_N_DisableTestVerificationWithValidData" time="3.391" classname="com.pcm.qa.testcases.CreateApplicationPageTest"/>
  <system-out/>
  <testcase name="FTPH2PTestVerificationWithValidData" time="3.370" classname="com.pcm.qa.testcases.CreateApplicationPageTest"/>
  <system-out/>
  <testcase name="FTPP2HTestVerificationWithValidData" time="3.451" classname="com.pcm.qa.testcases.CreateApplicationPageTest"/>
  <system-out/>
  <testcase name="FTPSH2PTestVerificationwithValidData" time="3.395" classname="com.pcm.qa.testcases.CreateApplicationPageTest"/>
  <system-out/>
  <testcase name="FTPSP2HTestVerificationwithValidData" time="3.392" classname="com.pcm.qa.testcases.CreateApplicationPageTest"/>
  <system-out/>
  <testcase name="SFTP_H2P_PwdTestVerificationWithValidData" time="3.403" classname="com.pcm.qa.testcases.CreateApplicationPageTest"/>
  <system-out/>
  <testcase name="SFTP_H2P_PublickeyTestVerificationWithValidData" time="3.453" classname="com.pcm.qa.testcases.CreateApplicationPageTest"/>
  <system-out/>
  <testcase name="SFTP_P2H_PwdTestVerificationWithValidData" time="3.393" classname="com.pcm.qa.testcases.CreateApplicationPageTest"/>
  <system-out/>
  <testcase name="SFTP_P2H_PublickeyTestVerificationWithValidData" time="3.380" classname="com.pcm.qa.testcases.CreateApplicationPageTest"/>
  <system-out/>
  <testcase name="ValidateFileSystemWithValidData" time="3.444" classname="com.pcm.qa.testcases.CreateApplicationPageTest"/>
  <system-out/>
  <testcase name="HTTPTestVerificationWithValidData" time="3.358" classname="com.pcm.qa.testcases.CreateApplicationPageTest"/>
  <system-out/>
  <testcase name="HTTPSTestVerificationwithValidData" time="3.418" classname="com.pcm.qa.testcases.CreateApplicationPageTest"/>
  <system-out/>
  <testcase name="MailboxTestVerification" time="3.392" classname="com.pcm.qa.testcases.CreateApplicationPageTest"/>
  <system-out/>
  <testcase name="MQTestVerificationwithValidData" time="3.332" classname="com.pcm.qa.testcases.CreateApplicationPageTest"/>
  <system-out/>
  <testcase name="SAPTestVerificationwithValidData" time="3.337" classname="com.pcm.qa.testcases.CreateApplicationPageTest"/>
  <system-out/>
  <testcase name="WebServicesTestVerificationwithValidData" time="3.391" classname="com.pcm.qa.testcases.CreateApplicationPageTest"/>
  <system-out/>
  <testcase name="createSAPapplication" time="3.885" classname="com.pcm.qa.testcases.CreateApplicationPageTest"/>
  <system-out/>
  <testcase name="ApplicationNameTestVerification" time="3.347" classname="com.pcm.qa.testcases.CreateApplicationPageTest"/>
  <system-out/>
  <testcase name="ApplicationIDTestVerification" time="22.512" classname="com.pcm.qa.testcases.CreateApplicationPageTest"/>
  <system-out/>
  <testcase name="CreateApplicationForManage" time="20.044" classname="com.pcm.qa.testcases.CreateApplicationPageTest"/>
  <system-out/>
</testsuite> <!-- com.pcm.qa.testcases.CreateApplicationPageTest -->
