<?xml version="1.0" encoding="UTF-8"?>
<!-- Generated by org.testng.reporters.JUnitReportReporter -->
<testsuite skipped="0" hostname="PavanKalyan" name="com.pcm.qa.testcases.SearchPageTest" tests="38" failures="0" timestamp="2022-02-23T20:18:23 IST" time="556.682" errors="0">
  <testcase name="ParentNodeCreation" time="0.016" classname="com.pcm.qa.testcases.SearchPageTest"/>
  <system-out/>
  <testcase name="SearchPageTitleTest" time="4.066" classname="com.pcm.qa.testcases.SearchPageTest"/>
  <system-out/>
  <testcase name="validateSearchPageWithValidDate" time="8.875" classname="com.pcm.qa.testcases.SearchPageTest"/>
  <system-out/>
  <testcase name="validateSearchPageWithDirection" time="9.341" classname="com.pcm.qa.testcases.SearchPageTest"/>
  <system-out/>
  <testcase name="ValidateSearchPageWithTransferType" time="13.111" classname="com.pcm.qa.testcases.SearchPageTest"/>
  <system-out/>
  <testcase name="ValidateSearchPagewithDocType" time="13.066" classname="com.pcm.qa.testcases.SearchPageTest"/>
  <system-out/>
  <testcase name="ValidateSearchPagewithStatus" time="13.133" classname="com.pcm.qa.testcases.SearchPageTest"/>
  <system-out/>
  <testcase name="ValidateSearchPagewithSrcProtocol" time="13.366" classname="com.pcm.qa.testcases.SearchPageTest"/>
  <system-out/>
  <testcase name="ValidateSearchPagewithDestProtocol" time="13.417" classname="com.pcm.qa.testcases.SearchPageTest"/>
  <system-out/>
  <testcase name="ValidateSearchPagewithPartner" time="9.968" classname="com.pcm.qa.testcases.SearchPageTest"/>
  <system-out/>
  <testcase name="ValidateSearchPagewithApplication" time="9.995" classname="com.pcm.qa.testcases.SearchPageTest"/>
  <system-out/>
  <testcase name="ValidateSearchPagewithSenderId" time="10.957" classname="com.pcm.qa.testcases.SearchPageTest"/>
  <system-out/>
  <testcase name="ValidateSearchPagewithReceiverId" time="11.083" classname="com.pcm.qa.testcases.SearchPageTest"/>
  <system-out/>
  <testcase name="ValidateSearchPagewithTransaction" time="8.996" classname="com.pcm.qa.testcases.SearchPageTest"/>
  <system-out/>
  <testcase name="ValidateSearchPagewithErrorStatus" time="9.030" classname="com.pcm.qa.testcases.SearchPageTest"/>
  <system-out/>
  <testcase name="ValidateSearchPagewithSrcFileName" time="9.964" classname="com.pcm.qa.testcases.SearchPageTest"/>
  <system-out/>
  <testcase name="ValidateSearchPagewithDestFileName" time="10.143" classname="com.pcm.qa.testcases.SearchPageTest"/>
  <system-out/>
  <testcase name="validateSearchPageWithFilter" time="16.542" classname="com.pcm.qa.testcases.SearchPageTest"/>
  <system-out/>
  <testcase name="ValidateSearchPagewithPONumber" time="35.764" classname="com.pcm.qa.testcases.SearchPageTest"/>
  <system-out/>
  <testcase name="ValidateSearchPagewithCustomerID" time="34.769" classname="com.pcm.qa.testcases.SearchPageTest"/>
  <system-out/>
  <testcase name="ValidateSearchPagewithPacketID" time="33.810" classname="com.pcm.qa.testcases.SearchPageTest"/>
  <system-out/>
  <testcase name="ValidateSearchpageitemsperpage" time="15.261" classname="com.pcm.qa.testcases.SearchPageTest"/>
  <system-out/>
  <testcase name="SearchPageTestWithResetSearch" time="16.544" classname="com.pcm.qa.testcases.SearchPageTest"/>
  <system-out/>
  <testcase name="SearchPageTestWithActionToggle" time="11.638" classname="com.pcm.qa.testcases.SearchPageTest"/>
  <system-out/>
  <testcase name="SearchPageTestWithViewDetails" time="14.468" classname="com.pcm.qa.testcases.SearchPageTest"/>
  <system-out/>
  <testcase name="SearchPageTestWithViewActivity" time="13.441" classname="com.pcm.qa.testcases.SearchPageTest"/>
  <system-out/>
  <testcase name="SearchPageTestWithPickupNow" time="14.621" classname="com.pcm.qa.testcases.SearchPageTest"/>
  <system-out/>
  <testcase name="SearchPageTestWithReprocess" time="13.952" classname="com.pcm.qa.testcases.SearchPageTest"/>
  <system-out/>
  <testcase name="SearchPageTestWithDropagain" time="14.805" classname="com.pcm.qa.testcases.SearchPageTest"/>
  <system-out/>
  <testcase name="SearchPageTestWithConfigurecoloums" time="20.697" classname="com.pcm.qa.testcases.SearchPageTest"/>
  <system-out/>
  <testcase name="SearchPageTestWithMultipleReprocess" time="15.416" classname="com.pcm.qa.testcases.SearchPageTest"/>
  <system-out/>
  <testcase name="verifysrcfiledownload" time="16.660" classname="com.pcm.qa.testcases.SearchPageTest"/>
  <system-out/>
  <testcase name="verifysrcfileclose" time="16.812" classname="com.pcm.qa.testcases.SearchPageTest"/>
  <system-out/>
  <testcase name="verifydestfiledownload" time="16.687" classname="com.pcm.qa.testcases.SearchPageTest"/>
  <system-out/>
  <testcase name="verifydestfileclose" time="16.612" classname="com.pcm.qa.testcases.SearchPageTest"/>
  <system-out/>
  <testcase name="verifyexportasPDF" time="17.828" classname="com.pcm.qa.testcases.SearchPageTest"/>
  <system-out/>
  <testcase name="verifyexportasCSV" time="17.849" classname="com.pcm.qa.testcases.SearchPageTest"/>
  <system-out/>
  <testcase name="ValidateSearchResultsAdvancedWithInvalidDetails" time="13.979" classname="com.pcm.qa.testcases.SearchPageTest"/>
  <system-out/>
</testsuite> <!-- com.pcm.qa.testcases.SearchPageTest -->
