<?xml version="1.0" encoding="UTF-8"?>
<!-- Generated by org.testng.reporters.JUnitReportReporter -->
<testsuite skipped="93" hostname="PavanKalyan" name="com.pcm.qa.testcases.ManageApplicationPageTest" tests="132" failures="0" timestamp="2022-02-08T17:56:59 IST" time="581.467" errors="0">
  <testcase name="ParentNodeCreation" time="0.021" classname="com.pcm.qa.testcases.ManageApplicationPageTest"/>
  <system-out/>
  <testcase name="loginPageTitleTest" time="5.690" classname="com.pcm.qa.testcases.ManageApplicationPageTest"/>
  <system-out/>
  <testcase name="MPTestVerificationWithInvalidData" time="17.315" classname="com.pcm.qa.testcases.ManageApplicationPageTest"/>
  <system-out/>
  <testcase name="MPTestVerificationWithvalidData" time="15.354" classname="com.pcm.qa.testcases.ManageApplicationPageTest"/>
  <system-out/>
  <testcase name="ManageApplicationPageTestWithvalidDataEdit" time="21.988" classname="com.pcm.qa.testcases.ManageApplicationPageTest"/>
  <system-out/>
  <testcase name="ManageApplicationPageTestWithValidDataActivitylog" time="21.387" classname="com.pcm.qa.testcases.ManageApplicationPageTest"/>
  <system-out/>
  <testcase name="ManageApplicationPageTestWithValidDataActivate" time="18.499" classname="com.pcm.qa.testcases.ManageApplicationPageTest"/>
  <system-out/>
  <testcase name="ManageApplicationPageTestWithValidDataDeactivate" time="18.562" classname="com.pcm.qa.testcases.ManageApplicationPageTest"/>
  <system-out/>
  <testcase name="MPTestVerificationWithOnlyApplicationName" time="7.557" classname="com.pcm.qa.testcases.ManageApplicationPageTest"/>
  <system-out/>
  <testcase name="MPTestVerificationWithOnlyApplicationNameandEdit" time="14.946" classname="com.pcm.qa.testcases.ManageApplicationPageTest"/>
  <system-out/>
  <testcase name="ManageApplicationPageTestWithApplicationnameandActivitylog" time="13.773" classname="com.pcm.qa.testcases.ManageApplicationPageTest"/>
  <system-out/>
  <testcase name="ManageApplicationPageTestWithApplicationnameandActivate" time="10.897" classname="com.pcm.qa.testcases.ManageApplicationPageTest"/>
  <system-out/>
  <testcase name="ManageApplicationPageTestWithApplicationnameandDeactivate" time="10.879" classname="com.pcm.qa.testcases.ManageApplicationPageTest"/>
  <system-out/>
  <testcase name="MPTestVerificationWithOnlyApplicationId" time="7.536" classname="com.pcm.qa.testcases.ManageApplicationPageTest"/>
  <system-out/>
  <testcase name="MPTestVerificationWithOnlyApplicationIdandEdit" time="16.180" classname="com.pcm.qa.testcases.ManageApplicationPageTest"/>
  <system-out/>
  <testcase name="ManageApplicationPageTestWithApplicationIdandActivitylog" time="13.690" classname="com.pcm.qa.testcases.ManageApplicationPageTest"/>
  <system-out/>
  <testcase name="ManageApplicationPageTestWithApplicationIdandActivate" time="10.795" classname="com.pcm.qa.testcases.ManageApplicationPageTest"/>
  <system-out/>
  <testcase name="ManageApplicationPageTestWithApplicationIdandDeactivate" time="10.820" classname="com.pcm.qa.testcases.ManageApplicationPageTest"/>
  <system-out/>
  <testcase name="MPTestVerificationWithOnlyStatusInactive" time="7.737" classname="com.pcm.qa.testcases.ManageApplicationPageTest"/>
  <system-out/>
  <testcase name="MPTestVerificationWithOnlyStatusasInactiveandEdit" time="16.495" classname="com.pcm.qa.testcases.ManageApplicationPageTest"/>
  <system-out/>
  <testcase name="ManageApplicationPageTestWithStatusasInactiveandActivitylog" time="15.559" classname="com.pcm.qa.testcases.ManageApplicationPageTest"/>
  <system-out/>
  <testcase name="ManageApplicationPageTestWithStatusasInactiveandActivate" time="12.528" classname="com.pcm.qa.testcases.ManageApplicationPageTest"/>
  <system-out/>
  <testcase name="MPTestVerificationWithOnlyStatusActive" time="7.654" classname="com.pcm.qa.testcases.ManageApplicationPageTest"/>
  <system-out/>
  <testcase name="MPTestVerificationWithOnlyStatusasActiveandEdit" time="16.707" classname="com.pcm.qa.testcases.ManageApplicationPageTest"/>
  <system-out/>
  <testcase name="ManageApplicationPageTestWithStatusasActiveandActivitylog" time="15.331" classname="com.pcm.qa.testcases.ManageApplicationPageTest"/>
  <system-out/>
  <testcase name="ManageApplicationPageTestWithStatusasActiveandDeactivate" time="12.484" classname="com.pcm.qa.testcases.ManageApplicationPageTest"/>
  <system-out/>
  <testcase name="MPTestVerificationWithOnlyProtocol" time="8.601" classname="com.pcm.qa.testcases.ManageApplicationPageTest"/>
  <system-out/>
  <testcase name="MPTestVerificationWithOnlyProtocolandEdit" time="17.214" classname="com.pcm.qa.testcases.ManageApplicationPageTest"/>
  <system-out/>
  <testcase name="ManageApplicationPageTestWithProtocolandActivitylog" time="16.170" classname="com.pcm.qa.testcases.ManageApplicationPageTest"/>
  <system-out/>
  <testcase name="ManageApplicationPageTestWithProtocolandActivate" time="13.192" classname="com.pcm.qa.testcases.ManageApplicationPageTest"/>
  <system-out/>
  <testcase name="ManageApplicationPageTestWithProtocolandDeactivate" time="13.142" classname="com.pcm.qa.testcases.ManageApplicationPageTest"/>
  <system-out/>
  <testcase name="MPTestVerificationWithApplicationName_ApplicationId_Protocol_StatusasInactive" time="17.305" classname="com.pcm.qa.testcases.ManageApplicationPageTest"/>
  <system-out/>
  <testcase name="MPTestVerificationWithApplicationName_ApplicationId_Protocol_StatusasInactiveandEdit" time="24.664" classname="com.pcm.qa.testcases.ManageApplicationPageTest"/>
  <system-out/>
  <testcase name="ManageApplicationPageTestWithApplicationName_ApplicationId_Protocol_StatusasInactiveandActivitylog" time="23.839" classname="com.pcm.qa.testcases.ManageApplicationPageTest"/>
  <system-out/>
  <testcase name="ManageApplicationPageTestWithApplicationName_ApplicationId_Protocol_StatusasInactiveandActivate" time="20.795" classname="com.pcm.qa.testcases.ManageApplicationPageTest"/>
  <system-out/>
  <testcase name="MPTestVerificationWithApplicationName_ApplicationId_Protocol_StatusasActive" time="17.247" classname="com.pcm.qa.testcases.ManageApplicationPageTest"/>
  <system-out/>
  <testcase name="MPTestVerificationWithApplicationName_ApplicationId_Protocol_StatusasActiveandEdit" time="24.767" classname="com.pcm.qa.testcases.ManageApplicationPageTest"/>
  <system-out/>
  <testcase name="ManageApplicationPageTestWithApplicationName_ApplicationId_Protocol_StatusasActiveandActivitylog" time="23.558" classname="com.pcm.qa.testcases.ManageApplicationPageTest"/>
  <system-out/>
  <testcase name="ManageApplicationPageTestWithApplicationName_ApplicationId_Protocol_StatusasInactiveandDeactivate" time="20.589" classname="com.pcm.qa.testcases.ManageApplicationPageTest"/>
  <system-out/>
  <testcase name="MPTestVerificationWithProtocolasFileSystemandEdit" classname="com.pcm.qa.testcases.ManageApplicationPageTest">
    <skipped/>
  </testcase> <!-- MPTestVerificationWithProtocolasFileSystemandEdit -->
  <system-out/>
  <testcase name="ManageApplicationPageTestWithProtocolasSFTPP2HandActivitylog" classname="com.pcm.qa.testcases.ManageApplicationPageTest">
    <skipped/>
  </testcase> <!-- ManageApplicationPageTestWithProtocolasSFTPP2HandActivitylog -->
  <system-out/>
  <testcase name="ManageApplicationPageTestWithProtocolasCDYesandDeactivate" classname="com.pcm.qa.testcases.ManageApplicationPageTest">
    <skipped/>
  </testcase> <!-- ManageApplicationPageTestWithProtocolasCDYesandDeactivate -->
  <system-out/>
  <testcase name="MPTestVerificationWithProtocolasCDNoandEdit" classname="com.pcm.qa.testcases.ManageApplicationPageTest">
    <skipped/>
  </testcase> <!-- MPTestVerificationWithProtocolasCDNoandEdit -->
  <system-out/>
  <testcase name="ManageApplicationPageTestWithProtocolAsAS2NoandActivitylog" classname="com.pcm.qa.testcases.ManageApplicationPageTest">
    <skipped/>
  </testcase> <!-- ManageApplicationPageTestWithProtocolAsAS2NoandActivitylog -->
  <system-out/>
  <testcase name="MPTestVerificationWithProtocolasHTTPS" classname="com.pcm.qa.testcases.ManageApplicationPageTest">
    <skipped/>
  </testcase> <!-- MPTestVerificationWithProtocolasHTTPS -->
  <system-out/>
  <testcase name="ManageApplicationPageTestWithProtocolAsAS2YesandActivitylog" classname="com.pcm.qa.testcases.ManageApplicationPageTest">
    <skipped/>
  </testcase> <!-- ManageApplicationPageTestWithProtocolAsAS2YesandActivitylog -->
  <system-out/>
  <testcase name="ManageApplicationPageTestWithProtocolasMailboxandDeactivate" classname="com.pcm.qa.testcases.ManageApplicationPageTest">
    <skipped/>
  </testcase> <!-- ManageApplicationPageTestWithProtocolasMailboxandDeactivate -->
  <system-out/>
  <testcase name="MPTestVerificationWithProtocolasWebService" classname="com.pcm.qa.testcases.ManageApplicationPageTest">
    <skipped/>
  </testcase> <!-- MPTestVerificationWithProtocolasWebService -->
  <system-out/>
  <testcase name="ManageApplicationPageTestWithProtocolasAWSS3andActivitylog" classname="com.pcm.qa.testcases.ManageApplicationPageTest">
    <skipped/>
  </testcase> <!-- ManageApplicationPageTestWithProtocolasAWSS3andActivitylog -->
  <system-out/>
  <testcase name="MPTestVerificationWithProtocolasSAPandEdit" classname="com.pcm.qa.testcases.ManageApplicationPageTest">
    <skipped/>
  </testcase> <!-- MPTestVerificationWithProtocolasSAPandEdit -->
  <system-out/>
  <testcase name="ManageApplicationPageTestWithProtocolasFTPH2PandDeactivate" classname="com.pcm.qa.testcases.ManageApplicationPageTest">
    <skipped/>
  </testcase> <!-- ManageApplicationPageTestWithProtocolasFTPH2PandDeactivate -->
  <system-out/>
  <testcase name="MPTestVerificationWithProtocolasHTTPSandEdit" classname="com.pcm.qa.testcases.ManageApplicationPageTest">
    <skipped/>
  </testcase> <!-- MPTestVerificationWithProtocolasHTTPSandEdit -->
  <system-out/>
  <testcase name="MPTestVerificationWithProtocolasFTPP2HandEdit" classname="com.pcm.qa.testcases.ManageApplicationPageTest">
    <skipped/>
  </testcase> <!-- MPTestVerificationWithProtocolasFTPP2HandEdit -->
  <system-out/>
  <testcase name="ManageApplicationPageTestWithProtocolasHTTPandActivitylog" classname="com.pcm.qa.testcases.ManageApplicationPageTest">
    <skipped/>
  </testcase> <!-- ManageApplicationPageTestWithProtocolasHTTPandActivitylog -->
  <system-out/>
  <testcase name="MPTestVerificationWithProtocolasAWSS3andEdit" classname="com.pcm.qa.testcases.ManageApplicationPageTest">
    <skipped/>
  </testcase> <!-- MPTestVerificationWithProtocolasAWSS3andEdit -->
  <system-out/>
  <testcase name="ManageApplicationPageTestWithProtocolasSFTPH2PandActivitylog" classname="com.pcm.qa.testcases.ManageApplicationPageTest">
    <skipped/>
  </testcase> <!-- ManageApplicationPageTestWithProtocolasSFTPH2PandActivitylog -->
  <system-out/>
  <testcase name="ManageApplicationPageTestWithProtocolasAWSS3andDeactivate" classname="com.pcm.qa.testcases.ManageApplicationPageTest">
    <skipped/>
  </testcase> <!-- ManageApplicationPageTestWithProtocolasAWSS3andDeactivate -->
  <system-out/>
  <testcase name="ManageApplicationPageTestWithProtocolasFTPP2HandActivate" classname="com.pcm.qa.testcases.ManageApplicationPageTest">
    <skipped/>
  </testcase> <!-- ManageApplicationPageTestWithProtocolasFTPP2HandActivate -->
  <system-out/>
  <testcase name="MPTestVerificationWithProtocolasFTPSH2PandEdit" classname="com.pcm.qa.testcases.ManageApplicationPageTest">
    <skipped/>
  </testcase> <!-- MPTestVerificationWithProtocolasFTPSH2PandEdit -->
  <system-out/>
  <testcase name="ManageApplicationPageTestWithValidDataDelete" classname="com.pcm.qa.testcases.ManageApplicationPageTest">
    <skipped/>
  </testcase> <!-- ManageApplicationPageTestWithValidDataDelete -->
  <system-out/>
  <testcase name="MPTestVerificationWithProtocolAsAS2Yes" classname="com.pcm.qa.testcases.ManageApplicationPageTest">
    <skipped/>
  </testcase> <!-- MPTestVerificationWithProtocolAsAS2Yes -->
  <system-out/>
  <testcase name="MPTestVerificationWithProtocolasCDNo" classname="com.pcm.qa.testcases.ManageApplicationPageTest">
    <skipped/>
  </testcase> <!-- MPTestVerificationWithProtocolasCDNo -->
  <system-out/>
  <testcase name="ManageApplicationPageTestWithProtocolasWebServiceandActivate" classname="com.pcm.qa.testcases.ManageApplicationPageTest">
    <skipped/>
  </testcase> <!-- ManageApplicationPageTestWithProtocolasWebServiceandActivate -->
  <system-out/>
  <testcase name="ManageApplicationPageTestWithProtocolAsAS2YesandActivate" classname="com.pcm.qa.testcases.ManageApplicationPageTest">
    <skipped/>
  </testcase> <!-- ManageApplicationPageTestWithProtocolAsAS2YesandActivate -->
  <system-out/>
  <testcase name="ManageApplicationPageTestWithProtocolasFTPSH2PandDeactivate" classname="com.pcm.qa.testcases.ManageApplicationPageTest">
    <skipped/>
  </testcase> <!-- ManageApplicationPageTestWithProtocolasFTPSH2PandDeactivate -->
  <system-out/>
  <testcase name="ManageApplicationPageTestWithProtocolasMQandDeactivate" classname="com.pcm.qa.testcases.ManageApplicationPageTest">
    <skipped/>
  </testcase> <!-- ManageApplicationPageTestWithProtocolasMQandDeactivate -->
  <system-out/>
  <testcase name="MPTestVerificationWithProtocolasSFTPH2PandEdit" classname="com.pcm.qa.testcases.ManageApplicationPageTest">
    <skipped/>
  </testcase> <!-- MPTestVerificationWithProtocolasSFTPH2PandEdit -->
  <system-out/>
  <testcase name="ManageApplicationPageTestWithProtocolasMQandActivitylog" classname="com.pcm.qa.testcases.ManageApplicationPageTest">
    <skipped/>
  </testcase> <!-- ManageApplicationPageTestWithProtocolasMQandActivitylog -->
  <system-out/>
  <testcase name="MPTestVerificationWithProtocolasCDYesandEdit" classname="com.pcm.qa.testcases.ManageApplicationPageTest">
    <skipped/>
  </testcase> <!-- MPTestVerificationWithProtocolasCDYesandEdit -->
  <system-out/>
  <testcase name="ManageApplicationPageTestWithProtocolasSFTPP2HandDeactivate" classname="com.pcm.qa.testcases.ManageApplicationPageTest">
    <skipped/>
  </testcase> <!-- ManageApplicationPageTestWithProtocolasSFTPP2HandDeactivate -->
  <system-out/>
  <testcase name="MPTestVerificationWithProtocolAsAS2No" classname="com.pcm.qa.testcases.ManageApplicationPageTest">
    <skipped/>
  </testcase> <!-- MPTestVerificationWithProtocolAsAS2No -->
  <system-out/>
  <testcase name="ManageApplicationPageTestWithProtocolasMailboxandActivate" classname="com.pcm.qa.testcases.ManageApplicationPageTest">
    <skipped/>
  </testcase> <!-- ManageApplicationPageTestWithProtocolasMailboxandActivate -->
  <system-out/>
  <testcase name="ManageApplicationPageTestWithProtocolasFTPSP2HandActivitylog" classname="com.pcm.qa.testcases.ManageApplicationPageTest">
    <skipped/>
  </testcase> <!-- ManageApplicationPageTestWithProtocolasFTPSP2HandActivitylog -->
  <system-out/>
  <testcase name="ManageApplicationPageTestWithProtocolasFileSystemandActivitylog" classname="com.pcm.qa.testcases.ManageApplicationPageTest">
    <skipped/>
  </testcase> <!-- ManageApplicationPageTestWithProtocolasFileSystemandActivitylog -->
  <system-out/>
  <testcase name="MPTestVerificationWithProtocolAsAS2YesandEdit" classname="com.pcm.qa.testcases.ManageApplicationPageTest">
    <skipped/>
  </testcase> <!-- MPTestVerificationWithProtocolAsAS2YesandEdit -->
  <system-out/>
  <testcase name="ManageApplicationPageTestWithProtocolasHTTPSandActivitylog" classname="com.pcm.qa.testcases.ManageApplicationPageTest">
    <skipped/>
  </testcase> <!-- ManageApplicationPageTestWithProtocolasHTTPSandActivitylog -->
  <system-out/>
  <testcase name="ManageApplicationPageTestWithProtocolasSFTPH2PandActivate" classname="com.pcm.qa.testcases.ManageApplicationPageTest">
    <skipped/>
  </testcase> <!-- ManageApplicationPageTestWithProtocolasSFTPH2PandActivate -->
  <system-out/>
  <testcase name="ManageApplicationPageTestWithProtocolasFileSystemandDeactivate" classname="com.pcm.qa.testcases.ManageApplicationPageTest">
    <skipped/>
  </testcase> <!-- ManageApplicationPageTestWithProtocolasFileSystemandDeactivate -->
  <system-out/>
  <testcase name="MPTestVerificationWithProtocolasMQ" classname="com.pcm.qa.testcases.ManageApplicationPageTest">
    <skipped/>
  </testcase> <!-- MPTestVerificationWithProtocolasMQ -->
  <system-out/>
  <testcase name="ManageApplicationPageTestWithProtocolasFTPSH2PandActivitylog" classname="com.pcm.qa.testcases.ManageApplicationPageTest">
    <skipped/>
  </testcase> <!-- ManageApplicationPageTestWithProtocolasFTPSH2PandActivitylog -->
  <system-out/>
  <testcase name="MPTestVerificationWithProtocolasAWSS3" classname="com.pcm.qa.testcases.ManageApplicationPageTest">
    <skipped/>
  </testcase> <!-- MPTestVerificationWithProtocolasAWSS3 -->
  <system-out/>
  <testcase name="ManageApplicationPageTestWithProtocolasCDYesandActivitylog" classname="com.pcm.qa.testcases.ManageApplicationPageTest">
    <skipped/>
  </testcase> <!-- ManageApplicationPageTestWithProtocolasCDYesandActivitylog -->
  <system-out/>
  <testcase name="MPTestVerificationWithProtocolasFileSystem" classname="com.pcm.qa.testcases.ManageApplicationPageTest">
    <skipped/>
  </testcase> <!-- MPTestVerificationWithProtocolasFileSystem -->
  <system-out/>
  <testcase name="MPTestVerificationWithProtocolasHTTP" classname="com.pcm.qa.testcases.ManageApplicationPageTest">
    <skipped/>
  </testcase> <!-- MPTestVerificationWithProtocolasHTTP -->
  <system-out/>
  <testcase name="ManageApplicationPageTestWithProtocolasHTTPandActivate" classname="com.pcm.qa.testcases.ManageApplicationPageTest">
    <skipped/>
  </testcase> <!-- ManageApplicationPageTestWithProtocolasHTTPandActivate -->
  <system-out/>
  <testcase name="ManageApplicationPageTestWithProtocolasMQandActivate" classname="com.pcm.qa.testcases.ManageApplicationPageTest">
    <skipped/>
  </testcase> <!-- ManageApplicationPageTestWithProtocolasMQandActivate -->
  <system-out/>
  <testcase name="MPTestVerificationWithProtocolAsAS2NoandEdit" classname="com.pcm.qa.testcases.ManageApplicationPageTest">
    <skipped/>
  </testcase> <!-- MPTestVerificationWithProtocolAsAS2NoandEdit -->
  <system-out/>
  <testcase name="ManageApplicationPageTestWithProtocolasSAPandActivate" classname="com.pcm.qa.testcases.ManageApplicationPageTest">
    <skipped/>
  </testcase> <!-- ManageApplicationPageTestWithProtocolasSAPandActivate -->
  <system-out/>
  <testcase name="ManageApplicationPageTestWithProtocolasWebServiceandActivitylog" classname="com.pcm.qa.testcases.ManageApplicationPageTest">
    <skipped/>
  </testcase> <!-- ManageApplicationPageTestWithProtocolasWebServiceandActivitylog -->
  <system-out/>
  <testcase name="ManageApplicationPageTestWithProtocolasFTPSP2HandDeactivate" classname="com.pcm.qa.testcases.ManageApplicationPageTest">
    <skipped/>
  </testcase> <!-- ManageApplicationPageTestWithProtocolasFTPSP2HandDeactivate -->
  <system-out/>
  <testcase name="MPTestVerificationWithProtocolasSAP" classname="com.pcm.qa.testcases.ManageApplicationPageTest">
    <skipped/>
  </testcase> <!-- MPTestVerificationWithProtocolasSAP -->
  <system-out/>
  <testcase name="ManageApplicationPageTestWithProtocolasFTPH2PandActivitylog" classname="com.pcm.qa.testcases.ManageApplicationPageTest">
    <skipped/>
  </testcase> <!-- ManageApplicationPageTestWithProtocolasFTPH2PandActivitylog -->
  <system-out/>
  <testcase name="MPTestVerificationWithProtocolasMQandEdit" classname="com.pcm.qa.testcases.ManageApplicationPageTest">
    <skipped/>
  </testcase> <!-- MPTestVerificationWithProtocolasMQandEdit -->
  <system-out/>
  <testcase name="ManageApplicationPageTestWithProtocolasHTTPandDeactivate" classname="com.pcm.qa.testcases.ManageApplicationPageTest">
    <skipped/>
  </testcase> <!-- ManageApplicationPageTestWithProtocolasHTTPandDeactivate -->
  <system-out/>
  <testcase name="ManageApplicationPageTestWithProtocolasSFTPH2PandDeactivate" classname="com.pcm.qa.testcases.ManageApplicationPageTest">
    <skipped/>
  </testcase> <!-- ManageApplicationPageTestWithProtocolasSFTPH2PandDeactivate -->
  <system-out/>
  <testcase name="MPTestVerificationWithProtocolasFTPH2PandEdit" classname="com.pcm.qa.testcases.ManageApplicationPageTest">
    <skipped/>
  </testcase> <!-- MPTestVerificationWithProtocolasFTPH2PandEdit -->
  <system-out/>
  <testcase name="MPTestVerificationWithProtocolasWebServiceandEdit" classname="com.pcm.qa.testcases.ManageApplicationPageTest">
    <skipped/>
  </testcase> <!-- MPTestVerificationWithProtocolasWebServiceandEdit -->
  <system-out/>
  <testcase name="MPTestVerificationWithProtocolasCDYes" classname="com.pcm.qa.testcases.ManageApplicationPageTest">
    <skipped/>
  </testcase> <!-- MPTestVerificationWithProtocolasCDYes -->
  <system-out/>
  <testcase name="ManageApplicationPageTestWithProtocolasFileSystemandActivate" classname="com.pcm.qa.testcases.ManageApplicationPageTest">
    <skipped/>
  </testcase> <!-- ManageApplicationPageTestWithProtocolasFileSystemandActivate -->
  <system-out/>
  <testcase name="ManageApplicationPageTestWithResetSearch" classname="com.pcm.qa.testcases.ManageApplicationPageTest">
    <skipped/>
  </testcase> <!-- ManageApplicationPageTestWithResetSearch -->
  <system-out/>
  <testcase name="ManageApplicationPageTestWithProtocolasSAPandActivitylog" classname="com.pcm.qa.testcases.ManageApplicationPageTest">
    <skipped/>
  </testcase> <!-- ManageApplicationPageTestWithProtocolasSAPandActivitylog -->
  <system-out/>
  <testcase name="ManageApplicationPageTestWithProtocolasAWSS3andActivate" classname="com.pcm.qa.testcases.ManageApplicationPageTest">
    <skipped/>
  </testcase> <!-- ManageApplicationPageTestWithProtocolasAWSS3andActivate -->
  <system-out/>
  <testcase name="MPTestVerificationWithProtocolasSFTPP2H" classname="com.pcm.qa.testcases.ManageApplicationPageTest">
    <skipped/>
  </testcase> <!-- MPTestVerificationWithProtocolasSFTPP2H -->
  <system-out/>
  <testcase name="MPTestVerificationWithProtocolasSFTPH2P" classname="com.pcm.qa.testcases.ManageApplicationPageTest">
    <skipped/>
  </testcase> <!-- MPTestVerificationWithProtocolasSFTPH2P -->
  <system-out/>
  <testcase name="MPTestVerificationWithProtocolasMailbox" classname="com.pcm.qa.testcases.ManageApplicationPageTest">
    <skipped/>
  </testcase> <!-- MPTestVerificationWithProtocolasMailbox -->
  <system-out/>
  <testcase name="ManageApplicationPageTestWithProtocolasWebServiceandDeactivate" classname="com.pcm.qa.testcases.ManageApplicationPageTest">
    <skipped/>
  </testcase> <!-- ManageApplicationPageTestWithProtocolasWebServiceandDeactivate -->
  <system-out/>
  <testcase name="ManageApplicationPageTestWithProtocolasSFTPP2HandActivate" classname="com.pcm.qa.testcases.ManageApplicationPageTest">
    <skipped/>
  </testcase> <!-- ManageApplicationPageTestWithProtocolasSFTPP2HandActivate -->
  <system-out/>
  <testcase name="MPTestVerificationWithProtocolasFTPSP2H" classname="com.pcm.qa.testcases.ManageApplicationPageTest">
    <skipped/>
  </testcase> <!-- MPTestVerificationWithProtocolasFTPSP2H -->
  <system-out/>
  <testcase name="MPTestVerificationWithProtocolasFTPSH2P" classname="com.pcm.qa.testcases.ManageApplicationPageTest">
    <skipped/>
  </testcase> <!-- MPTestVerificationWithProtocolasFTPSH2P -->
  <system-out/>
  <testcase name="ManageApplicationPageTestWithProtocolasFTPSH2PandActivate" classname="com.pcm.qa.testcases.ManageApplicationPageTest">
    <skipped/>
  </testcase> <!-- ManageApplicationPageTestWithProtocolasFTPSH2PandActivate -->
  <system-out/>
  <testcase name="MPTestVerificationWithProtocolasFTPP2H" classname="com.pcm.qa.testcases.ManageApplicationPageTest">
    <skipped/>
  </testcase> <!-- MPTestVerificationWithProtocolasFTPP2H -->
  <system-out/>
  <testcase name="MPTestVerificationWithProtocolasFTPH2P" classname="com.pcm.qa.testcases.ManageApplicationPageTest">
    <skipped/>
  </testcase> <!-- MPTestVerificationWithProtocolasFTPH2P -->
  <system-out/>
  <testcase name="MPTestVerificationWithProtocolasFTPSP2HandEdit" classname="com.pcm.qa.testcases.ManageApplicationPageTest">
    <skipped/>
  </testcase> <!-- MPTestVerificationWithProtocolasFTPSP2HandEdit -->
  <system-out/>
  <testcase name="ManageApplicationPageTestWithProtocolasCDNoandActivitylog" classname="com.pcm.qa.testcases.ManageApplicationPageTest">
    <skipped/>
  </testcase> <!-- ManageApplicationPageTestWithProtocolasCDNoandActivitylog -->
  <system-out/>
  <testcase name="ManageApplicationPageTestWithProtocolasSAPandDeactivate" classname="com.pcm.qa.testcases.ManageApplicationPageTest">
    <skipped/>
  </testcase> <!-- ManageApplicationPageTestWithProtocolasSAPandDeactivate -->
  <system-out/>
  <testcase name="MPTestVerificationWithProtocolasSFTPP2HandEdit" classname="com.pcm.qa.testcases.ManageApplicationPageTest">
    <skipped/>
  </testcase> <!-- MPTestVerificationWithProtocolasSFTPP2HandEdit -->
  <system-out/>
  <testcase name="ManageApplicationPageTestWithProtocolAsAS2YesandDeactivate" classname="com.pcm.qa.testcases.ManageApplicationPageTest">
    <skipped/>
  </testcase> <!-- ManageApplicationPageTestWithProtocolAsAS2YesandDeactivate -->
  <system-out/>
  <testcase name="ManageApplicationPageTestWithProtocolasMailboxandActivitylog" classname="com.pcm.qa.testcases.ManageApplicationPageTest">
    <skipped/>
  </testcase> <!-- ManageApplicationPageTestWithProtocolasMailboxandActivitylog -->
  <system-out/>
  <testcase name="MPTestVerificationWithProtocolasHTTPandEdit" classname="com.pcm.qa.testcases.ManageApplicationPageTest">
    <skipped/>
  </testcase> <!-- MPTestVerificationWithProtocolasHTTPandEdit -->
  <system-out/>
  <testcase name="ManageApplicationPageTestWithProtocolAsAS2NoandActivate" classname="com.pcm.qa.testcases.ManageApplicationPageTest">
    <skipped/>
  </testcase> <!-- ManageApplicationPageTestWithProtocolAsAS2NoandActivate -->
  <system-out/>
  <testcase name="ManageApplicationPageTestWithProtocolasCDYesandActivate" classname="com.pcm.qa.testcases.ManageApplicationPageTest">
    <skipped/>
  </testcase> <!-- ManageApplicationPageTestWithProtocolasCDYesandActivate -->
  <system-out/>
  <testcase name="ManageApplicationPageTestWithProtocolasFTPP2HandActivitylog" classname="com.pcm.qa.testcases.ManageApplicationPageTest">
    <skipped/>
  </testcase> <!-- ManageApplicationPageTestWithProtocolasFTPP2HandActivitylog -->
  <system-out/>
  <testcase name="ManageApplicationPageTestWithProtocolasFTPP2HandDeactivate" classname="com.pcm.qa.testcases.ManageApplicationPageTest">
    <skipped/>
  </testcase> <!-- ManageApplicationPageTestWithProtocolasFTPP2HandDeactivate -->
  <system-out/>
  <testcase name="ManageApplicationPageTestWithProtocolasCDNoandDeactivate" classname="com.pcm.qa.testcases.ManageApplicationPageTest">
    <skipped/>
  </testcase> <!-- ManageApplicationPageTestWithProtocolasCDNoandDeactivate -->
  <system-out/>
  <testcase name="ManageApplicationPageTestWithProtocolAsAS2NoandDeactivate" classname="com.pcm.qa.testcases.ManageApplicationPageTest">
    <skipped/>
  </testcase> <!-- ManageApplicationPageTestWithProtocolAsAS2NoandDeactivate -->
  <system-out/>
  <testcase name="MPTestVerificationWithProtocolasMailboxandEdit" classname="com.pcm.qa.testcases.ManageApplicationPageTest">
    <skipped/>
  </testcase> <!-- MPTestVerificationWithProtocolasMailboxandEdit -->
  <system-out/>
  <testcase name="ManageApplicationPageTestWithProtocolasCDNoandActivate" classname="com.pcm.qa.testcases.ManageApplicationPageTest">
    <skipped/>
  </testcase> <!-- ManageApplicationPageTestWithProtocolasCDNoandActivate -->
  <system-out/>
  <testcase name="ManageApplicationPageTestWithProtocolasFTPSP2HandActivate" classname="com.pcm.qa.testcases.ManageApplicationPageTest">
    <skipped/>
  </testcase> <!-- ManageApplicationPageTestWithProtocolasFTPSP2HandActivate -->
  <system-out/>
  <testcase name="ManageApplicationPageTestWithProtocolasHTTPSandActivate" classname="com.pcm.qa.testcases.ManageApplicationPageTest">
    <skipped/>
  </testcase> <!-- ManageApplicationPageTestWithProtocolasHTTPSandActivate -->
  <system-out/>
  <testcase name="ManageApplicationPageTestWithProtocolasHTTPSandDeactivate" classname="com.pcm.qa.testcases.ManageApplicationPageTest">
    <skipped/>
  </testcase> <!-- ManageApplicationPageTestWithProtocolasHTTPSandDeactivate -->
  <system-out/>
  <testcase name="ManageApplicationPageTestWithProtocolasFTPH2PandActivate" classname="com.pcm.qa.testcases.ManageApplicationPageTest">
    <skipped/>
  </testcase> <!-- ManageApplicationPageTestWithProtocolasFTPH2PandActivate -->
  <system-out/>
  <testcase name="ManageApplicationPageTestWithoutDataActivate" classname="com.pcm.qa.testcases.ManageApplicationPageTest">
    <skipped/>
  </testcase> <!-- ManageApplicationPageTestWithoutDataActivate -->
  <system-out/>
</testsuite> <!-- com.pcm.qa.testcases.ManageApplicationPageTest -->
