<?xml version="1.0" encoding="UTF-8"?>
<!-- Generated by org.testng.reporters.JUnitReportReporter -->
<testsuite skipped="0" hostname="PavanKalyan" name="com.pcm.qa.testcases.ManageUserPageTest" tests="58" failures="0" timestamp="2022-02-24T16:04:56 IST" time="1259.333" errors="0">
  <testcase name="ParentNodeCreation" time="0.005" classname="com.pcm.qa.testcases.ManageUserPageTest"/>
  <system-out/>
  <testcase name="verificationOfManageUserPageTitle" time="7.186" classname="com.pcm.qa.testcases.ManageUserPageTest"/>
  <system-out/>
  <testcase name="VerficationOfManageUserwithvalidData" time="22.374" classname="com.pcm.qa.testcases.ManageUserPageTest"/>
  <system-out/>
  <testcase name="VerificationOfManageUserwithvalidDataAndEditUser" time="49.170" classname="com.pcm.qa.testcases.ManageUserPageTest"/>
  <system-out/>
  <testcase name="VerificationOfManageUserwithvalidDataAndDeactivatetheUser" time="23.964" classname="com.pcm.qa.testcases.ManageUserPageTest"/>
  <system-out/>
  <testcase name="VerificationOfManageUserwithvalidDataAndActivatetheUser" time="23.471" classname="com.pcm.qa.testcases.ManageUserPageTest"/>
  <system-out/>
  <testcase name="VerficationOfManageUserwithRoleasAdminOfvalidData" time="24.727" classname="com.pcm.qa.testcases.ManageUserPageTest"/>
  <system-out/>
  <testcase name="VerificationOfManageUserwithRoleasAdminOfvalidDataAndEditUser" time="32.461" classname="com.pcm.qa.testcases.ManageUserPageTest"/>
  <system-out/>
  <testcase name="VerificationOfManageUserwithRoleasAdminAndDeactivatetheUser" time="22.519" classname="com.pcm.qa.testcases.ManageUserPageTest"/>
  <system-out/>
  <testcase name="VerificationOfManageUserwithRoleasAdminAndActivatetheUser" time="22.240" classname="com.pcm.qa.testcases.ManageUserPageTest"/>
  <system-out/>
  <testcase name="VerificationOfManageUserwithRoleasAdminAndDeletetheUser" time="21.333" classname="com.pcm.qa.testcases.ManageUserPageTest"/>
  <system-out/>
  <testcase name="VerificationOfMUPwithUserId" time="9.449" classname="com.pcm.qa.testcases.ManageUserPageTest"/>
  <system-out/>
  <testcase name="VerificationOfMUPwithUserIdAndEditUser" time="24.087" classname="com.pcm.qa.testcases.ManageUserPageTest"/>
  <system-out/>
  <testcase name="VerificationOfMUPwithUserIdAndDeactivatetheUser" time="13.776" classname="com.pcm.qa.testcases.ManageUserPageTest"/>
  <system-out/>
  <testcase name="VerificationOfMUPwithUserIdAndActivatetheUser" time="11.942" classname="com.pcm.qa.testcases.ManageUserPageTest"/>
  <system-out/>
  <testcase name="VerificationOfMUPwithUserRole" time="13.618" classname="com.pcm.qa.testcases.ManageUserPageTest"/>
  <system-out/>
  <testcase name="VerificationOfMUPwithUserRoleAndEditUser" time="27.014" classname="com.pcm.qa.testcases.ManageUserPageTest"/>
  <system-out/>
  <testcase name="VerificationOfMUPwithUserRoleAndDeactivatetheUser" time="15.980" classname="com.pcm.qa.testcases.ManageUserPageTest"/>
  <system-out/>
  <testcase name="VerificationOfMUPwithUserRoleAndActivatetheUser" time="15.891" classname="com.pcm.qa.testcases.ManageUserPageTest"/>
  <system-out/>
  <testcase name="VerificationOfMUPwithFirstName" time="8.156" classname="com.pcm.qa.testcases.ManageUserPageTest"/>
  <system-out/>
  <testcase name="VerificationOfMUPwithFirstNameAndEditUser" time="28.450" classname="com.pcm.qa.testcases.ManageUserPageTest"/>
  <system-out/>
  <testcase name="VerificationOfMUPwithFirstNameAndDeactivateUser" time="13.799" classname="com.pcm.qa.testcases.ManageUserPageTest"/>
  <system-out/>
  <testcase name="VerificationOfMUPwithFirstNameAndActivateUser" time="13.705" classname="com.pcm.qa.testcases.ManageUserPageTest"/>
  <system-out/>
  <testcase name="VerificationOfMUPwithLastName" time="10.417" classname="com.pcm.qa.testcases.ManageUserPageTest"/>
  <system-out/>
  <testcase name="VerificationOfMUPwithLastNameAndEditUser" time="25.838" classname="com.pcm.qa.testcases.ManageUserPageTest"/>
  <system-out/>
  <testcase name="VerificationOfMUPwithLastNameAndDeactivateUser" time="14.759" classname="com.pcm.qa.testcases.ManageUserPageTest"/>
  <system-out/>
  <testcase name="VerificationOfMUPwithLastNameAndActivateUser" time="12.734" classname="com.pcm.qa.testcases.ManageUserPageTest"/>
  <system-out/>
  <testcase name="VerificationOfMUPwithStatusDropDown" time="14.633" classname="com.pcm.qa.testcases.ManageUserPageTest"/>
  <system-out/>
  <testcase name="VerificationOfMUPwithStatusAndEditUser" time="28.428" classname="com.pcm.qa.testcases.ManageUserPageTest"/>
  <system-out/>
  <testcase name="VerificationOfMUPwithStatusAndDeactivateUser" time="18.074" classname="com.pcm.qa.testcases.ManageUserPageTest"/>
  <system-out/>
  <testcase name="VerificationOfMUPwithStatusAndDeleteUser" time="18.111" classname="com.pcm.qa.testcases.ManageUserPageTest"/>
  <system-out/>
  <testcase name="VerficationOfManageUserwithRoleasOnBoarderOfvalidData" time="21.669" classname="com.pcm.qa.testcases.ManageUserPageTest"/>
  <system-out/>
  <testcase name="VerificationOfManageUserwithRoleasOnBoarderAndEditUser" time="34.296" classname="com.pcm.qa.testcases.ManageUserPageTest"/>
  <system-out/>
  <testcase name="VerificationOfManageUserwithRoleasOnBoarderAndDeactivatetheUser" time="22.498" classname="com.pcm.qa.testcases.ManageUserPageTest"/>
  <system-out/>
  <testcase name="VerificationOfManageUserwithRoleasOnBoarderAndActivatetheUser" time="22.514" classname="com.pcm.qa.testcases.ManageUserPageTest"/>
  <system-out/>
  <testcase name="VerificationOfManageUserwithRoleasOnBoarderAndDeletetheUser" time="21.287" classname="com.pcm.qa.testcases.ManageUserPageTest"/>
  <system-out/>
  <testcase name="VerficationOfManageUserwithRoleasBusinessAdminOfvalidData" time="21.850" classname="com.pcm.qa.testcases.ManageUserPageTest"/>
  <system-out/>
  <testcase name="VerificationOfManageUserwithRoleasBusinessAdminAndEditUser" time="34.664" classname="com.pcm.qa.testcases.ManageUserPageTest"/>
  <system-out/>
  <testcase name="VerificationOfManageUserwithRoleasBusinessAdminAndDeactivatetheUser" time="23.559" classname="com.pcm.qa.testcases.ManageUserPageTest"/>
  <system-out/>
  <testcase name="VerificationOfManageUserwithRoleasBusinessAdminAndActivatetheUser" time="22.448" classname="com.pcm.qa.testcases.ManageUserPageTest"/>
  <system-out/>
  <testcase name="VerificationOfManageUserwithRoleasBusinessAdminAndDeletetheUser" time="21.437" classname="com.pcm.qa.testcases.ManageUserPageTest"/>
  <system-out/>
  <testcase name="VerficationOfManageUserwithRoleasBusinessUserOfvalidData" time="21.694" classname="com.pcm.qa.testcases.ManageUserPageTest"/>
  <system-out/>
  <testcase name="VerificationOfManageUserwithRoleasBusinessUserAndEditUser" time="34.839" classname="com.pcm.qa.testcases.ManageUserPageTest"/>
  <system-out/>
  <testcase name="VerificationOfManageUserwithRoleasBusinessUserAndDeactivatetheUser" time="22.599" classname="com.pcm.qa.testcases.ManageUserPageTest"/>
  <system-out/>
  <testcase name="VerificationOfManageUserwithRoleasBusinessUserAndActivatetheUser" time="22.602" classname="com.pcm.qa.testcases.ManageUserPageTest"/>
  <system-out/>
  <testcase name="VerificationOfManageUserwithRoleasBusinessUserAndDeletetheUser" time="21.474" classname="com.pcm.qa.testcases.ManageUserPageTest"/>
  <system-out/>
  <testcase name="VerficationOfManageUserwithRoleasDataProcessorOfvalidData" time="22.288" classname="com.pcm.qa.testcases.ManageUserPageTest"/>
  <system-out/>
  <testcase name="VerificationOfManageUserwithRoleasDataProcessorAndEditUser" time="34.713" classname="com.pcm.qa.testcases.ManageUserPageTest"/>
  <system-out/>
  <testcase name="VerificationOfManageUserwithRoleasDataProcessorAndDeactivatetheUser" time="22.549" classname="com.pcm.qa.testcases.ManageUserPageTest"/>
  <system-out/>
  <testcase name="VerificationOfManageUserwithRoleasDataProcessorAndActivatetheUser" time="22.618" classname="com.pcm.qa.testcases.ManageUserPageTest"/>
  <system-out/>
  <testcase name="VerificationOfManageUserwithRoleasDataProcessorAndDeletetheUser" time="21.671" classname="com.pcm.qa.testcases.ManageUserPageTest"/>
  <system-out/>
  <testcase name="VerficationOfManageUserwithRoleasDataProcessorRestrictedOfvalidData" time="21.927" classname="com.pcm.qa.testcases.ManageUserPageTest"/>
  <system-out/>
  <testcase name="VerificationOfManageUserwithRoleasDataProcessorRestrictedAndEditUser" time="35.628" classname="com.pcm.qa.testcases.ManageUserPageTest"/>
  <system-out/>
  <testcase name="VerificationOfManageUserwithRoleasDataProcessorRestrictedAndDeactivatetheUser" time="22.617" classname="com.pcm.qa.testcases.ManageUserPageTest"/>
  <system-out/>
  <testcase name="VerificationOfManageUserwithRoleasDataProcessorRestrictedAndActivatetheUser" time="22.783" classname="com.pcm.qa.testcases.ManageUserPageTest"/>
  <system-out/>
  <testcase name="VerificationOfManageUserwithRoleasDataProcessorRestrictedAndDeletetheUser" time="21.474" classname="com.pcm.qa.testcases.ManageUserPageTest"/>
  <system-out/>
  <testcase name="ManageUserPageTestWithResetSearch" time="27.087" classname="com.pcm.qa.testcases.ManageUserPageTest"/>
  <system-out/>
  <testcase name="VerificationOfManageUserPageWithInvalidData" time="26.237" classname="com.pcm.qa.testcases.ManageUserPageTest"/>
  <system-out/>
</testsuite> <!-- com.pcm.qa.testcases.ManageUserPageTest -->
