<?xml version="1.0" encoding="UTF-8"?>
<!-- Generated by org.testng.reporters.JUnitReportReporter -->
<testsuite skipped="51" hostname="PE-LT-076" name="com.pcm.qa.testcases.CorrelationNamesPageTest" tests="54" failures="0" timestamp="2022-08-11T14:59:55 IST" time="15.117" errors="0">
  <testcase name="ParentNodeCreation" time="0.009" classname="com.pcm.qa.testcases.CorrelationNamesPageTest"/>
  <system-out/>
  <testcase name="CorrelationNamesPageTitleTest" time="5.199" classname="com.pcm.qa.testcases.CorrelationNamesPageTest"/>
  <system-out/>
  <testcase name="CNTestVerificationWithCN1" time="9.909" classname="com.pcm.qa.testcases.CorrelationNamesPageTest"/>
  <system-out/>
  <testcase name="CNTestVerificationWithCN20" classname="com.pcm.qa.testcases.CorrelationNamesPageTest">
    <skipped/>
  </testcase> <!-- CNTestVerificationWithCN20 -->
  <system-out/>
  <testcase name="CNTestVerificationWithCN22" classname="com.pcm.qa.testcases.CorrelationNamesPageTest">
    <skipped/>
  </testcase> <!-- CNTestVerificationWithCN22 -->
  <system-out/>
  <testcase name="CNTestVerificationWithCN21" classname="com.pcm.qa.testcases.CorrelationNamesPageTest">
    <skipped/>
  </testcase> <!-- CNTestVerificationWithCN21 -->
  <system-out/>
  <testcase name="CNTestVerificationWithCN24" classname="com.pcm.qa.testcases.CorrelationNamesPageTest">
    <skipped/>
  </testcase> <!-- CNTestVerificationWithCN24 -->
  <system-out/>
  <testcase name="CNTestVerificationWithCN23" classname="com.pcm.qa.testcases.CorrelationNamesPageTest">
    <skipped/>
  </testcase> <!-- CNTestVerificationWithCN23 -->
  <system-out/>
  <testcase name="CNTestVerificationWithCN9" classname="com.pcm.qa.testcases.CorrelationNamesPageTest">
    <skipped/>
  </testcase> <!-- CNTestVerificationWithCN9 -->
  <system-out/>
  <testcase name="CNTestVerificationWithCN26" classname="com.pcm.qa.testcases.CorrelationNamesPageTest">
    <skipped/>
  </testcase> <!-- CNTestVerificationWithCN26 -->
  <system-out/>
  <testcase name="CNTestVerificationWithCN25" classname="com.pcm.qa.testcases.CorrelationNamesPageTest">
    <skipped/>
  </testcase> <!-- CNTestVerificationWithCN25 -->
  <system-out/>
  <testcase name="CNTestVerificationWithCN28" classname="com.pcm.qa.testcases.CorrelationNamesPageTest">
    <skipped/>
  </testcase> <!-- CNTestVerificationWithCN28 -->
  <system-out/>
  <testcase name="CNTestVerificationWithCN27" classname="com.pcm.qa.testcases.CorrelationNamesPageTest">
    <skipped/>
  </testcase> <!-- CNTestVerificationWithCN27 -->
  <system-out/>
  <testcase name="CNTestVerificationWithCN29" classname="com.pcm.qa.testcases.CorrelationNamesPageTest">
    <skipped/>
  </testcase> <!-- CNTestVerificationWithCN29 -->
  <system-out/>
  <testcase name="CNTestVerificationWithCN6" classname="com.pcm.qa.testcases.CorrelationNamesPageTest">
    <skipped/>
  </testcase> <!-- CNTestVerificationWithCN6 -->
  <system-out/>
  <testcase name="CNTestVerificationWithCN3" classname="com.pcm.qa.testcases.CorrelationNamesPageTest">
    <skipped/>
  </testcase> <!-- CNTestVerificationWithCN3 -->
  <system-out/>
  <testcase name="CNTestVerificationWithCN4" classname="com.pcm.qa.testcases.CorrelationNamesPageTest">
    <skipped/>
  </testcase> <!-- CNTestVerificationWithCN4 -->
  <system-out/>
  <testcase name="CNTestVerificationWithCN7" classname="com.pcm.qa.testcases.CorrelationNamesPageTest">
    <skipped/>
  </testcase> <!-- CNTestVerificationWithCN7 -->
  <system-out/>
  <testcase name="CNTestVerificationWithCN8" classname="com.pcm.qa.testcases.CorrelationNamesPageTest">
    <skipped/>
  </testcase> <!-- CNTestVerificationWithCN8 -->
  <system-out/>
  <testcase name="CNTestVerificationWithUpdate" classname="com.pcm.qa.testcases.CorrelationNamesPageTest">
    <skipped/>
  </testcase> <!-- CNTestVerificationWithUpdate -->
  <system-out/>
  <testcase name="CNTestVerificationWithCN5" classname="com.pcm.qa.testcases.CorrelationNamesPageTest">
    <skipped/>
  </testcase> <!-- CNTestVerificationWithCN5 -->
  <system-out/>
  <testcase name="CNTestVerificationWithCN2" classname="com.pcm.qa.testcases.CorrelationNamesPageTest">
    <skipped/>
  </testcase> <!-- CNTestVerificationWithCN2 -->
  <system-out/>
  <testcase name="CNTestVerificationWithCancel" classname="com.pcm.qa.testcases.CorrelationNamesPageTest">
    <skipped/>
  </testcase> <!-- CNTestVerificationWithCancel -->
  <system-out/>
  <testcase name="CNTestVerificationWithCN31" classname="com.pcm.qa.testcases.CorrelationNamesPageTest">
    <skipped/>
  </testcase> <!-- CNTestVerificationWithCN31 -->
  <system-out/>
  <testcase name="CNTestVerificationWithCN30" classname="com.pcm.qa.testcases.CorrelationNamesPageTest">
    <skipped/>
  </testcase> <!-- CNTestVerificationWithCN30 -->
  <system-out/>
  <testcase name="CNTestVerificationWithCN33" classname="com.pcm.qa.testcases.CorrelationNamesPageTest">
    <skipped/>
  </testcase> <!-- CNTestVerificationWithCN33 -->
  <system-out/>
  <testcase name="CNTestVerificationWithCN32" classname="com.pcm.qa.testcases.CorrelationNamesPageTest">
    <skipped/>
  </testcase> <!-- CNTestVerificationWithCN32 -->
  <system-out/>
  <testcase name="CNTestVerificationWithCN35" classname="com.pcm.qa.testcases.CorrelationNamesPageTest">
    <skipped/>
  </testcase> <!-- CNTestVerificationWithCN35 -->
  <system-out/>
  <testcase name="CNTestVerificationWithCN34" classname="com.pcm.qa.testcases.CorrelationNamesPageTest">
    <skipped/>
  </testcase> <!-- CNTestVerificationWithCN34 -->
  <system-out/>
  <testcase name="CNTestVerificationWithCN37" classname="com.pcm.qa.testcases.CorrelationNamesPageTest">
    <skipped/>
  </testcase> <!-- CNTestVerificationWithCN37 -->
  <system-out/>
  <testcase name="CNTestVerificationWithCN36" classname="com.pcm.qa.testcases.CorrelationNamesPageTest">
    <skipped/>
  </testcase> <!-- CNTestVerificationWithCN36 -->
  <system-out/>
  <testcase name="CNTestVerificationWithCN39" classname="com.pcm.qa.testcases.CorrelationNamesPageTest">
    <skipped/>
  </testcase> <!-- CNTestVerificationWithCN39 -->
  <system-out/>
  <testcase name="CNTestVerificationWithCN38" classname="com.pcm.qa.testcases.CorrelationNamesPageTest">
    <skipped/>
  </testcase> <!-- CNTestVerificationWithCN38 -->
  <system-out/>
  <testcase name="CNTestVerificationWithCN40" classname="com.pcm.qa.testcases.CorrelationNamesPageTest">
    <skipped/>
  </testcase> <!-- CNTestVerificationWithCN40 -->
  <system-out/>
  <testcase name="CNTestVerificationWithCN42" classname="com.pcm.qa.testcases.CorrelationNamesPageTest">
    <skipped/>
  </testcase> <!-- CNTestVerificationWithCN42 -->
  <system-out/>
  <testcase name="CNTestVerificationWithCN41" classname="com.pcm.qa.testcases.CorrelationNamesPageTest">
    <skipped/>
  </testcase> <!-- CNTestVerificationWithCN41 -->
  <system-out/>
  <testcase name="CNTestVerificationWithCN44" classname="com.pcm.qa.testcases.CorrelationNamesPageTest">
    <skipped/>
  </testcase> <!-- CNTestVerificationWithCN44 -->
  <system-out/>
  <testcase name="CNTestVerificationWithCN43" classname="com.pcm.qa.testcases.CorrelationNamesPageTest">
    <skipped/>
  </testcase> <!-- CNTestVerificationWithCN43 -->
  <system-out/>
  <testcase name="CNTestVerificationWithCN46" classname="com.pcm.qa.testcases.CorrelationNamesPageTest">
    <skipped/>
  </testcase> <!-- CNTestVerificationWithCN46 -->
  <system-out/>
  <testcase name="CNTestVerificationWithCN45" classname="com.pcm.qa.testcases.CorrelationNamesPageTest">
    <skipped/>
  </testcase> <!-- CNTestVerificationWithCN45 -->
  <system-out/>
  <testcase name="CNTestVerificationWithCN48" classname="com.pcm.qa.testcases.CorrelationNamesPageTest">
    <skipped/>
  </testcase> <!-- CNTestVerificationWithCN48 -->
  <system-out/>
  <testcase name="CNTestVerificationWithCN47" classname="com.pcm.qa.testcases.CorrelationNamesPageTest">
    <skipped/>
  </testcase> <!-- CNTestVerificationWithCN47 -->
  <system-out/>
  <testcase name="CNTestVerificationWithCN49" classname="com.pcm.qa.testcases.CorrelationNamesPageTest">
    <skipped/>
  </testcase> <!-- CNTestVerificationWithCN49 -->
  <system-out/>
  <testcase name="CNTestVerificationWithCN50" classname="com.pcm.qa.testcases.CorrelationNamesPageTest">
    <skipped/>
  </testcase> <!-- CNTestVerificationWithCN50 -->
  <system-out/>
  <testcase name="CNTestVerificationWithCN11" classname="com.pcm.qa.testcases.CorrelationNamesPageTest">
    <skipped/>
  </testcase> <!-- CNTestVerificationWithCN11 -->
  <system-out/>
  <testcase name="CNTestVerificationWithCN10" classname="com.pcm.qa.testcases.CorrelationNamesPageTest">
    <skipped/>
  </testcase> <!-- CNTestVerificationWithCN10 -->
  <system-out/>
  <testcase name="CNTestVerificationWithCN13" classname="com.pcm.qa.testcases.CorrelationNamesPageTest">
    <skipped/>
  </testcase> <!-- CNTestVerificationWithCN13 -->
  <system-out/>
  <testcase name="CNTestVerificationWithCN12" classname="com.pcm.qa.testcases.CorrelationNamesPageTest">
    <skipped/>
  </testcase> <!-- CNTestVerificationWithCN12 -->
  <system-out/>
  <testcase name="CNTestVerificationWithCN15" classname="com.pcm.qa.testcases.CorrelationNamesPageTest">
    <skipped/>
  </testcase> <!-- CNTestVerificationWithCN15 -->
  <system-out/>
  <testcase name="CNTestVerificationWithCN14" classname="com.pcm.qa.testcases.CorrelationNamesPageTest">
    <skipped/>
  </testcase> <!-- CNTestVerificationWithCN14 -->
  <system-out/>
  <testcase name="CNTestVerificationWithCN17" classname="com.pcm.qa.testcases.CorrelationNamesPageTest">
    <skipped/>
  </testcase> <!-- CNTestVerificationWithCN17 -->
  <system-out/>
  <testcase name="CNTestVerificationWithCN16" classname="com.pcm.qa.testcases.CorrelationNamesPageTest">
    <skipped/>
  </testcase> <!-- CNTestVerificationWithCN16 -->
  <system-out/>
  <testcase name="CNTestVerificationWithCN19" classname="com.pcm.qa.testcases.CorrelationNamesPageTest">
    <skipped/>
  </testcase> <!-- CNTestVerificationWithCN19 -->
  <system-out/>
  <testcase name="CNTestVerificationWithCN18" classname="com.pcm.qa.testcases.CorrelationNamesPageTest">
    <skipped/>
  </testcase> <!-- CNTestVerificationWithCN18 -->
  <system-out/>
</testsuite> <!-- com.pcm.qa.testcases.CorrelationNamesPageTest -->
