<?xml version="1.0" encoding="UTF-8"?>
<!-- Generated by org.testng.reporters.JUnitReportReporter -->
<testsuite skipped="0" hostname="PavanKalyan" name="com.pcm.qa.testcases.FileJobSchedularPageTest" tests="2" failures="0" timestamp="2022-02-23T20:06:10 IST" time="5.261" errors="0">
  <testcase name="ParentNodeCreation" time="0.003" classname="com.pcm.qa.testcases.FileJobSchedularPageTest"/>
  <system-out/>
  <testcase name="FileJobSchedularPageTitleTest" time="5.258" classname="com.pcm.qa.testcases.FileJobSchedularPageTest"/>
  <system-out/>
</testsuite> <!-- com.pcm.qa.testcases.FileJobSchedularPageTest -->
